<?xml version="1.0" encoding="UTF-8"?>
<coverage generated="1667817461054" clover="3.2.0">
  <project timestamp="1667817461054" name="All files">
    <metrics statements="453" coveredstatements="251" conditionals="162" coveredconditionals="95" methods="195" coveredmethods="87" elements="810" coveredelements="433" complexity="0" loc="453" ncloc="453" packages="9" files="20" classes="20"/>
    <package name="components.ActorCard">
      <metrics statements="2" coveredstatements="2" conditionals="4" coveredconditionals="4" methods="1" coveredmethods="1"/>
      <file name="ActorCard.tsx" path="C:\Users\Jeffrey Bernadas\Documents\Web Development\Collabera Training\digital-streaming-system\frontend\src\components\ActorCard\ActorCard.tsx">
        <metrics statements="2" coveredstatements="2" conditionals="4" coveredconditionals="4" methods="1" coveredmethods="1"/>
        <line num="10" count="15" type="stmt"/>
        <line num="11" count="130" type="stmt"/>
      </file>
    </package>
    <package name="components.Hero">
      <metrics statements="2" coveredstatements="2" conditionals="0" coveredconditionals="0" methods="1" coveredmethods="1"/>
      <file name="Hero.tsx" path="C:\Users\Jeffrey Bernadas\Documents\Web Development\Collabera Training\digital-streaming-system\frontend\src\components\Hero\Hero.tsx">
        <metrics statements="2" coveredstatements="2" conditionals="0" coveredconditionals="0" methods="1" coveredmethods="1"/>
        <line num="3" count="15" type="stmt"/>
        <line num="4" count="6" type="stmt"/>
      </file>
    </package>
    <package name="components.MovieCard">
      <metrics statements="3" coveredstatements="3" conditionals="0" coveredconditionals="0" methods="1" coveredmethods="1"/>
      <file name="MovieCard.tsx" path="C:\Users\Jeffrey Bernadas\Documents\Web Development\Collabera Training\digital-streaming-system\frontend\src\components\MovieCard\MovieCard.tsx">
        <metrics statements="3" coveredstatements="3" conditionals="0" coveredconditionals="0" methods="1" coveredmethods="1"/>
        <line num="12" count="15" type="stmt"/>
        <line num="13" count="56" type="stmt"/>
        <line num="15" count="56" type="stmt"/>
      </file>
    </package>
    <package name="components.MoviesSection">
      <metrics statements="7" coveredstatements="7" conditionals="6" coveredconditionals="6" methods="4" coveredmethods="4"/>
      <file name="MoviesSection.tsx" path="C:\Users\Jeffrey Bernadas\Documents\Web Development\Collabera Training\digital-streaming-system\frontend\src\components\MoviesSection\MoviesSection.tsx">
        <metrics statements="7" coveredstatements="7" conditionals="6" coveredconditionals="6" methods="4" coveredmethods="4"/>
        <line num="7" count="15" type="stmt"/>
        <line num="8" count="28" type="stmt"/>
        <line num="9" count="18" type="stmt"/>
        <line num="11" count="18" type="stmt"/>
        <line num="12" count="8" type="stmt"/>
        <line num="15" count="18" type="stmt"/>
        <line num="37" count="10" type="stmt"/>
      </file>
    </package>
    <package name="components.Navbar">
      <metrics statements="8" coveredstatements="8" conditionals="4" coveredconditionals="4" methods="4" coveredmethods="4"/>
      <file name="Navbar.tsx" path="C:\Users\Jeffrey Bernadas\Documents\Web Development\Collabera Training\digital-streaming-system\frontend\src\components\Navbar\Navbar.tsx">
        <metrics statements="8" coveredstatements="8" conditionals="4" coveredconditionals="4" methods="4" coveredmethods="4"/>
        <line num="8" count="15" type="stmt"/>
        <line num="9" count="10" type="stmt"/>
        <line num="10" count="5" type="stmt"/>
        <line num="11" count="5" type="stmt"/>
        <line num="26" count="5" type="stmt"/>
        <line num="27" count="1" type="stmt"/>
        <line num="30" count="5" type="stmt"/>
        <line num="39" count="15" type="stmt"/>
      </file>
    </package>
    <package name="components.Rating">
      <metrics statements="2" coveredstatements="2" conditionals="0" coveredconditionals="0" methods="1" coveredmethods="1"/>
      <file name="Rating.tsx" path="C:\Users\Jeffrey Bernadas\Documents\Web Development\Collabera Training\digital-streaming-system\frontend\src\components\Rating\Rating.tsx">
        <metrics statements="2" coveredstatements="2" conditionals="0" coveredconditionals="0" methods="1" coveredmethods="1"/>
        <line num="7" count="15" type="stmt"/>
        <line num="8" count="168" type="stmt"/>
      </file>
    </package>
    <package name="components.ReviewCard">
      <metrics statements="3" coveredstatements="3" conditionals="0" coveredconditionals="0" methods="1" coveredmethods="1"/>
      <file name="ReviewCard.tsx" path="C:\Users\Jeffrey Bernadas\Documents\Web Development\Collabera Training\digital-streaming-system\frontend\src\components\ReviewCard\ReviewCard.tsx">
        <metrics statements="3" coveredstatements="3" conditionals="0" coveredconditionals="0" methods="1" coveredmethods="1"/>
        <line num="11" count="15" type="stmt"/>
        <line num="12" count="54" type="stmt"/>
        <line num="13" count="54" type="stmt"/>
      </file>
    </package>
    <package name="components.Tables">
      <metrics statements="316" coveredstatements="115" conditionals="68" coveredconditionals="4" methods="138" coveredmethods="31"/>
      <file name="TableActors.tsx" path="C:\Users\Jeffrey Bernadas\Documents\Web Development\Collabera Training\digital-streaming-system\frontend\src\components\Tables\TableActors.tsx">
        <metrics statements="85" coveredstatements="22" conditionals="24" coveredconditionals="0" methods="37" coveredmethods="3"/>
        <line num="30" count="15" type="stmt"/>
        <line num="31" count="31" type="stmt"/>
        <line num="32" count="13" type="stmt"/>
        <line num="33" count="13" type="stmt"/>
        <line num="34" count="13" type="stmt"/>
        <line num="37" count="13" type="stmt"/>
        <line num="40" count="13" type="stmt"/>
        <line num="41" count="13" type="stmt"/>
        <line num="42" count="13" type="stmt"/>
        <line num="45" count="13" type="stmt"/>
        <line num="53" count="13" type="stmt"/>
        <line num="56" count="13" type="stmt"/>
        <line num="59" count="13" type="stmt"/>
        <line num="60" count="6" type="stmt"/>
        <line num="64" count="13" type="stmt"/>
        <line num="66" count="0" type="cond" truecount="0" falsecount="2"/>
        <line num="71" count="13" type="stmt"/>
        <line num="72" count="0" type="stmt"/>
        <line num="74" count="0" type="stmt"/>
        <line num="75" count="0" type="stmt"/>
        <line num="76" count="0" type="cond" truecount="0" falsecount="4"/>
        <line num="77" count="0" type="stmt"/>
        <line num="78" count="0" type="cond" truecount="0" falsecount="4"/>
        <line num="79" count="0" type="stmt"/>
        <line num="80" count="0" type="stmt"/>
        <line num="81" count="0" type="stmt"/>
        <line num="83" count="0" type="stmt"/>
        <line num="84" count="0" type="cond" truecount="0" falsecount="2"/>
        <line num="85" count="0" type="stmt"/>
        <line num="86" count="0" type="stmt"/>
        <line num="96" count="0" type="stmt"/>
        <line num="106" count="13" type="stmt"/>
        <line num="107" count="0" type="stmt"/>
        <line num="108" count="0" type="stmt"/>
        <line num="111" count="13" type="stmt"/>
        <line num="112" count="0" type="stmt"/>
        <line num="114" count="0" type="stmt"/>
        <line num="115" count="0" type="stmt"/>
        <line num="116" count="0" type="cond" truecount="0" falsecount="2"/>
        <line num="120" count="0" type="stmt"/>
        <line num="121" count="0" type="cond" truecount="0" falsecount="4"/>
        <line num="122" count="0" type="stmt"/>
        <line num="123" count="0" type="stmt"/>
        <line num="124" count="0" type="stmt"/>
        <line num="126" count="0" type="stmt"/>
        <line num="136" count="0" type="stmt"/>
        <line num="139" count="0" type="cond" truecount="0" falsecount="2"/>
        <line num="140" count="0" type="stmt"/>
        <line num="143" count="0" type="stmt"/>
        <line num="162" count="13" type="stmt"/>
        <line num="163" count="0" type="stmt"/>
        <line num="164" count="0" type="stmt"/>
        <line num="167" count="13" type="stmt"/>
        <line num="168" count="0" type="stmt"/>
        <line num="169" count="0" type="stmt"/>
        <line num="173" count="13" type="stmt"/>
        <line num="176" count="0" type="stmt"/>
        <line num="181" count="0" type="stmt"/>
        <line num="186" count="0" type="stmt"/>
        <line num="192" count="0" type="stmt"/>
        <line num="198" count="0" type="cond" truecount="0" falsecount="2"/>
        <line num="211" count="0" type="stmt"/>
        <line num="217" count="0" type="stmt"/>
        <line num="228" count="0" type="stmt"/>
        <line num="239" count="0" type="stmt"/>
        <line num="250" count="13" type="stmt"/>
        <line num="257" count="0" type="stmt"/>
        <line num="259" count="0" type="stmt"/>
        <line num="280" count="0" type="stmt"/>
        <line num="289" count="0" type="stmt"/>
        <line num="298" count="0" type="stmt"/>
        <line num="307" count="0" type="stmt"/>
        <line num="317" count="0" type="stmt"/>
        <line num="325" count="0" type="stmt"/>
        <line num="334" count="0" type="stmt"/>
        <line num="359" count="0" type="stmt"/>
        <line num="368" count="0" type="stmt"/>
        <line num="380" count="0" type="stmt"/>
        <line num="392" count="0" type="stmt"/>
        <line num="402" count="0" type="stmt"/>
        <line num="414" count="0" type="stmt"/>
        <line num="425" count="0" type="stmt"/>
        <line num="450" count="0" type="stmt"/>
        <line num="462" count="0" type="stmt"/>
        <line num="470" count="0" type="stmt"/>
      </file>
      <file name="TableMovies.tsx" path="C:\Users\Jeffrey Bernadas\Documents\Web Development\Collabera Training\digital-streaming-system\frontend\src\components\Tables\TableMovies.tsx">
        <metrics statements="109" coveredstatements="28" conditionals="30" coveredconditionals="0" methods="46" coveredmethods="4"/>
        <line num="53" count="15" type="stmt"/>
        <line num="54" count="25" type="stmt"/>
        <line num="55" count="25" type="stmt"/>
        <line num="56" count="13" type="stmt"/>
        <line num="57" count="13" type="stmt"/>
        <line num="58" count="13" type="stmt"/>
        <line num="61" count="13" type="stmt"/>
        <line num="63" count="13" type="stmt"/>
        <line num="66" count="13" type="stmt"/>
        <line num="67" count="13" type="stmt"/>
        <line num="68" count="13" type="stmt"/>
        <line num="69" count="13" type="stmt"/>
        <line num="72" count="13" type="stmt"/>
        <line num="80" count="13" type="stmt"/>
        <line num="88" count="13" type="stmt"/>
        <line num="91" count="13" type="stmt"/>
        <line num="94" count="13" type="stmt"/>
        <line num="95" count="6" type="stmt"/>
        <line num="99" count="13" type="stmt"/>
        <line num="100" count="0" type="stmt"/>
        <line num="104" count="13" type="stmt"/>
        <line num="105" count="0" type="stmt"/>
        <line num="109" count="13" type="stmt"/>
        <line num="110" count="0" type="stmt"/>
        <line num="112" count="0" type="stmt"/>
        <line num="113" count="0" type="stmt"/>
        <line num="114" count="0" type="cond" truecount="0" falsecount="4"/>
        <line num="115" count="0" type="stmt"/>
        <line num="116" count="0" type="cond" truecount="0" falsecount="4"/>
        <line num="117" count="0" type="stmt"/>
        <line num="118" count="0" type="stmt"/>
        <line num="119" count="0" type="cond" truecount="0" falsecount="4"/>
        <line num="120" count="0" type="stmt"/>
        <line num="122" count="0" type="stmt"/>
        <line num="123" count="0" type="cond" truecount="0" falsecount="2"/>
        <line num="124" count="0" type="stmt"/>
        <line num="125" count="0" type="stmt"/>
        <line num="135" count="0" type="stmt"/>
        <line num="145" count="13" type="stmt"/>
        <line num="146" count="0" type="stmt"/>
        <line num="148" count="0" type="stmt"/>
        <line num="149" count="0" type="stmt"/>
        <line num="150" count="0" type="cond" truecount="0" falsecount="4"/>
        <line num="151" count="0" type="stmt"/>
        <line num="152" count="0" type="cond" truecount="0" falsecount="4"/>
        <line num="153" count="0" type="stmt"/>
        <line num="154" count="0" type="stmt"/>
        <line num="155" count="0" type="stmt"/>
        <line num="157" count="0" type="stmt"/>
        <line num="158" count="0" type="cond" truecount="0" falsecount="2"/>
        <line num="159" count="0" type="stmt"/>
        <line num="160" count="0" type="stmt"/>
        <line num="170" count="0" type="stmt"/>
        <line num="180" count="13" type="stmt"/>
        <line num="182" count="0" type="stmt"/>
        <line num="183" count="0" type="stmt"/>
        <line num="188" count="13" type="stmt"/>
        <line num="189" count="0" type="stmt"/>
        <line num="191" count="0" type="stmt"/>
        <line num="192" count="0" type="cond" truecount="0" falsecount="4"/>
        <line num="193" count="0" type="stmt"/>
        <line num="194" count="0" type="stmt"/>
        <line num="196" count="0" type="stmt"/>
        <line num="203" count="0" type="stmt"/>
        <line num="206" count="0" type="cond" truecount="0" falsecount="2"/>
        <line num="207" count="0" type="stmt"/>
        <line num="210" count="0" type="stmt"/>
        <line num="226" count="13" type="stmt"/>
        <line num="227" count="0" type="stmt"/>
        <line num="228" count="0" type="stmt"/>
        <line num="231" count="13" type="stmt"/>
        <line num="232" count="0" type="stmt"/>
        <line num="233" count="0" type="stmt"/>
        <line num="237" count="13" type="stmt"/>
        <line num="240" count="0" type="stmt"/>
        <line num="246" count="0" type="stmt"/>
        <line num="253" count="0" type="stmt"/>
        <line num="259" count="0" type="stmt"/>
        <line num="265" count="0" type="stmt"/>
        <line num="273" count="0" type="stmt"/>
        <line num="279" count="0" type="stmt"/>
        <line num="291" count="0" type="stmt"/>
        <line num="302" count="0" type="stmt"/>
        <line num="313" count="0" type="stmt"/>
        <line num="324" count="13" type="stmt"/>
        <line num="331" count="0" type="stmt"/>
        <line num="333" count="0" type="stmt"/>
        <line num="354" count="0" type="stmt"/>
        <line num="363" count="0" type="stmt"/>
        <line num="376" count="0" type="stmt"/>
        <line num="385" count="0" type="stmt"/>
        <line num="395" count="0" type="stmt"/>
        <line num="405" count="0" type="stmt"/>
        <line num="413" count="0" type="stmt"/>
        <line num="426" count="0" type="stmt"/>
        <line num="443" count="0" type="stmt"/>
        <line num="452" count="0" type="stmt"/>
        <line num="461" count="0" type="stmt"/>
        <line num="470" count="0" type="stmt"/>
        <line num="480" count="0" type="stmt"/>
        <line num="488" count="0" type="stmt"/>
        <line num="497" count="0" type="stmt"/>
        <line num="522" count="0" type="stmt"/>
        <line num="535" count="0" type="stmt"/>
        <line num="547" count="0" type="stmt"/>
        <line num="560" count="0" type="stmt"/>
        <line num="580" count="0" type="stmt"/>
        <line num="592" count="0" type="stmt"/>
        <line num="600" count="0" type="stmt"/>
      </file>
      <file name="TableReviews.tsx" path="C:\Users\Jeffrey Bernadas\Documents\Web Development\Collabera Training\digital-streaming-system\frontend\src\components\Tables\TableReviews.tsx">
        <metrics statements="48" coveredstatements="17" conditionals="6" coveredconditionals="1" methods="21" coveredmethods="2"/>
        <line num="29" count="15" type="stmt"/>
        <line num="30" count="19" type="stmt"/>
        <line num="31" count="13" type="stmt"/>
        <line num="32" count="13" type="stmt"/>
        <line num="35" count="13" type="stmt"/>
        <line num="36" count="13" type="stmt"/>
        <line num="37" count="13" type="stmt"/>
        <line num="40" count="13" type="stmt"/>
        <line num="44" count="13" type="stmt"/>
        <line num="45" count="13" type="stmt"/>
        <line num="48" count="13" type="stmt"/>
        <line num="49" count="0" type="stmt"/>
        <line num="50" count="0" type="stmt"/>
        <line num="54" count="13" type="stmt"/>
        <line num="56" count="0" type="stmt"/>
        <line num="57" count="0" type="stmt"/>
        <line num="62" count="13" type="stmt"/>
        <line num="63" count="0" type="stmt"/>
        <line num="64" count="0" type="stmt"/>
        <line num="65" count="0" type="stmt"/>
        <line num="69" count="0" type="stmt"/>
        <line num="72" count="0" type="stmt"/>
        <line num="73" count="0" type="cond" truecount="0" falsecount="2"/>
        <line num="74" count="0" type="stmt"/>
        <line num="77" count="0" type="stmt"/>
        <line num="87" count="13" type="stmt"/>
        <line num="88" count="0" type="stmt"/>
        <line num="89" count="0" type="stmt"/>
        <line num="92" count="13" type="stmt"/>
        <line num="93" count="0" type="stmt"/>
        <line num="94" count="0" type="stmt"/>
        <line num="95" count="0" type="stmt"/>
        <line num="99" count="13" type="stmt"/>
        <line num="102" count="0" type="stmt"/>
        <line num="107" count="0" type="stmt"/>
        <line num="112" count="0" type="stmt"/>
        <line num="118" count="0" type="cond" truecount="0" falsecount="2"/>
        <line num="125" count="0" type="stmt"/>
        <line num="131" count="0" type="stmt"/>
        <line num="142" count="0" type="stmt"/>
        <line num="153" count="0" type="stmt"/>
        <line num="164" count="13" type="stmt"/>
        <line num="181" count="0" type="stmt"/>
        <line num="232" count="0" type="stmt"/>
        <line num="240" count="0" type="stmt"/>
        <line num="264" count="0" type="stmt"/>
        <line num="276" count="0" type="stmt"/>
        <line num="284" count="0" type="stmt"/>
      </file>
      <file name="TableStyles.ts" path="C:\Users\Jeffrey Bernadas\Documents\Web Development\Collabera Training\digital-streaming-system\frontend\src\components\Tables\TableStyles.ts">
        <metrics statements="2" coveredstatements="2" conditionals="0" coveredconditionals="0" methods="1" coveredmethods="1"/>
        <line num="3" count="223" type="stmt"/>
        <line num="50" count="15" type="stmt"/>
      </file>
      <file name="TableUsers.tsx" path="C:\Users\Jeffrey Bernadas\Documents\Web Development\Collabera Training\digital-streaming-system\frontend\src\components\Tables\TableUsers.tsx">
        <metrics statements="72" coveredstatements="46" conditionals="8" coveredconditionals="3" methods="33" coveredmethods="21"/>
        <line num="35" count="15" type="stmt"/>
        <line num="36" count="221" type="stmt"/>
        <line num="37" count="184" type="stmt"/>
        <line num="38" count="184" type="stmt"/>
        <line num="41" count="184" type="stmt"/>
        <line num="44" count="184" type="stmt"/>
        <line num="45" count="184" type="stmt"/>
        <line num="46" count="184" type="stmt"/>
        <line num="49" count="184" type="stmt"/>
        <line num="52" count="184" type="stmt"/>
        <line num="53" count="184" type="stmt"/>
        <line num="56" count="184" type="stmt"/>
        <line num="57" count="20" type="stmt"/>
        <line num="61" count="184" type="stmt"/>
        <line num="63" count="24" type="cond" truecount="2" falsecount="0"/>
        <line num="68" count="184" type="stmt"/>
        <line num="69" count="7" type="stmt"/>
        <line num="71" count="7" type="stmt"/>
        <line num="72" count="5" type="stmt"/>
        <line num="73" count="3" type="stmt"/>
        <line num="74" count="1" type="stmt"/>
        <line num="76" count="0" type="stmt"/>
        <line num="77" count="0" type="cond" truecount="0" falsecount="2"/>
        <line num="78" count="0" type="stmt"/>
        <line num="79" count="0" type="stmt"/>
        <line num="82" count="7" type="stmt"/>
        <line num="92" count="184" type="stmt"/>
        <line num="93" count="2" type="stmt"/>
        <line num="94" count="2" type="stmt"/>
        <line num="97" count="184" type="stmt"/>
        <line num="98" count="0" type="stmt"/>
        <line num="99" count="0" type="stmt"/>
        <line num="100" count="0" type="stmt"/>
        <line num="101" count="0" type="stmt"/>
        <line num="102" count="0" type="stmt"/>
        <line num="103" count="0" type="stmt"/>
        <line num="111" count="0" type="stmt"/>
        <line num="114" count="0" type="cond" truecount="0" falsecount="2"/>
        <line num="115" count="0" type="stmt"/>
        <line num="118" count="0" type="stmt"/>
        <line num="136" count="184" type="stmt"/>
        <line num="137" count="1" type="stmt"/>
        <line num="138" count="1" type="stmt"/>
        <line num="141" count="184" type="stmt"/>
        <line num="142" count="0" type="stmt"/>
        <line num="143" count="0" type="stmt"/>
        <line num="147" count="184" type="stmt"/>
        <line num="150" count="21" type="stmt"/>
        <line num="155" count="21" type="stmt"/>
        <line num="160" count="21" type="stmt"/>
        <line num="166" count="21" type="stmt"/>
        <line num="171" count="21" type="cond" truecount="1" falsecount="1"/>
        <line num="179" count="21" type="stmt"/>
        <line num="186" count="2" type="stmt"/>
        <line num="198" count="1" type="stmt"/>
        <line num="210" count="184" type="stmt"/>
        <line num="217" count="4" type="stmt"/>
        <line num="219" count="8" type="stmt"/>
        <line num="241" count="0" type="stmt"/>
        <line num="250" count="57" type="stmt"/>
        <line num="259" count="37" type="stmt"/>
        <line num="268" count="28" type="stmt"/>
        <line num="277" count="1" type="stmt"/>
        <line num="296" count="0" type="stmt"/>
        <line num="305" count="0" type="stmt"/>
        <line num="317" count="0" type="stmt"/>
        <line num="329" count="0" type="stmt"/>
        <line num="341" count="0" type="stmt"/>
        <line num="357" count="0" type="stmt"/>
        <line num="382" count="0" type="stmt"/>
        <line num="394" count="0" type="stmt"/>
        <line num="402" count="0" type="stmt"/>
      </file>
    </package>
    <package name="pages">
      <metrics statements="110" coveredstatements="109" conditionals="80" coveredconditionals="77" methods="44" coveredmethods="43"/>
      <file name="Actors.tsx" path="C:\Users\Jeffrey Bernadas\Documents\Web Development\Collabera Training\digital-streaming-system\frontend\src\pages\Actors.tsx">
        <metrics statements="14" coveredstatements="14" conditionals="11" coveredconditionals="11" methods="7" coveredmethods="7"/>
        <line num="11" count="8" type="stmt"/>
        <line num="12" count="46" type="stmt"/>
        <line num="13" count="33" type="stmt"/>
        <line num="14" count="33" type="stmt"/>
        <line num="15" count="33" type="stmt"/>
        <line num="17" count="33" type="stmt"/>
        <line num="18" count="8" type="stmt"/>
        <line num="21" count="33" type="stmt"/>
        <line num="22" count="2" type="cond" truecount="2" falsecount="0"/>
        <line num="23" count="1" type="stmt"/>
        <line num="25" count="33" type="stmt"/>
        <line num="35" count="11" type="stmt"/>
        <line num="37" count="2" type="stmt"/>
        <line num="50" count="28" type="stmt"/>
      </file>
      <file name="Auth.tsx" path="C:\Users\Jeffrey Bernadas\Documents\Web Development\Collabera Training\digital-streaming-system\frontend\src\pages\Auth.tsx">
        <metrics statements="31" coveredstatements="31" conditionals="14" coveredconditionals="13" methods="8" coveredmethods="8"/>
        <line num="33" count="8" type="stmt"/>
        <line num="34" count="160" type="stmt"/>
        <line num="35" count="166" type="stmt"/>
        <line num="36" count="160" type="stmt"/>
        <line num="37" count="160" type="stmt"/>
        <line num="44" count="160" type="stmt"/>
        <line num="47" count="160" type="stmt"/>
        <line num="48" count="7" type="stmt"/>
        <line num="49" count="7" type="cond" truecount="2" falsecount="0"/>
        <line num="50" count="4" type="stmt"/>
        <line num="52" count="4" type="stmt"/>
        <line num="53" count="2" type="stmt"/>
        <line num="54" count="2" type="stmt"/>
        <line num="55" count="2" type="stmt"/>
        <line num="57" count="2" type="stmt"/>
        <line num="64" count="2" type="stmt"/>
        <line num="65" count="2" type="cond" truecount="2" falsecount="0"/>
        <line num="66" count="1" type="stmt"/>
        <line num="74" count="2" type="stmt"/>
        <line num="82" count="3" type="stmt"/>
        <line num="84" count="3" type="stmt"/>
        <line num="85" count="1" type="stmt"/>
        <line num="87" count="1" type="stmt"/>
        <line num="94" count="2" type="stmt"/>
        <line num="105" count="160" type="cond" truecount="1" falsecount="1"/>
        <line num="107" count="160" type="stmt"/>
        <line num="121" count="15" type="stmt"/>
        <line num="136" count="10" type="stmt"/>
        <line num="150" count="57" type="stmt"/>
        <line num="163" count="57" type="stmt"/>
        <line num="177" count="5" type="stmt"/>
      </file>
      <file name="Dashboard.tsx" path="C:\Users\Jeffrey Bernadas\Documents\Web Development\Collabera Training\digital-streaming-system\frontend\src\pages\Dashboard.tsx">
        <metrics statements="8" coveredstatements="8" conditionals="9" coveredconditionals="9" methods="3" coveredmethods="3"/>
        <line num="17" count="8" type="stmt"/>
        <line num="18" count="9" type="stmt"/>
        <line num="19" count="9" type="stmt"/>
        <line num="20" count="9" type="stmt"/>
        <line num="26" count="9" type="stmt"/>
        <line num="36" count="36" type="stmt"/>
        <line num="43" count="4" type="stmt"/>
        <line num="44" count="4" type="stmt"/>
      </file>
      <file name="Home.tsx" path="C:\Users\Jeffrey Bernadas\Documents\Web Development\Collabera Training\digital-streaming-system\frontend\src\pages\Home.tsx">
        <metrics statements="2" coveredstatements="2" conditionals="0" coveredconditionals="0" methods="1" coveredmethods="1"/>
        <line num="3" count="8" type="stmt"/>
        <line num="4" count="4" type="stmt"/>
      </file>
      <file name="IndividualActor.tsx" path="C:\Users\Jeffrey Bernadas\Documents\Web Development\Collabera Training\digital-streaming-system\frontend\src\pages\IndividualActor.tsx">
        <metrics statements="12" coveredstatements="12" conditionals="10" coveredconditionals="9" methods="5" coveredmethods="5"/>
        <line num="9" count="8" type="stmt"/>
        <line num="10" count="13" type="stmt"/>
        <line num="11" count="8" type="stmt"/>
        <line num="12" count="8" type="stmt"/>
        <line num="13" count="8" type="stmt"/>
        <line num="14" count="8" type="stmt"/>
        <line num="16" count="8" type="cond" truecount="2" falsecount="0"/>
        <line num="17" count="8" type="stmt"/>
        <line num="18" count="3" type="stmt"/>
        <line num="19" count="3" type="cond" truecount="1" falsecount="1"/>
        <line num="23" count="8" type="stmt"/>
        <line num="77" count="4" type="stmt"/>
      </file>
      <file name="IndividualMovie.tsx" path="C:\Users\Jeffrey Bernadas\Documents\Web Development\Collabera Training\digital-streaming-system\frontend\src\pages\IndividualMovie.tsx">
        <metrics statements="24" coveredstatements="23" conditionals="25" coveredconditionals="24" methods="11" coveredmethods="10"/>
        <line num="11" count="8" type="stmt"/>
        <line num="12" count="90" type="stmt"/>
        <line num="13" count="90" type="stmt"/>
        <line num="14" count="69" type="stmt"/>
        <line num="15" count="69" type="stmt"/>
        <line num="16" count="69" type="stmt"/>
        <line num="17" count="69" type="stmt"/>
        <line num="18" count="69" type="stmt"/>
        <line num="19" count="69" type="stmt"/>
        <line num="21" count="69" type="stmt"/>
        <line num="22" count="9" type="stmt"/>
        <line num="23" count="9" type="cond" truecount="1" falsecount="1"/>
        <line num="27" count="69" type="stmt"/>
        <line num="28" count="3" type="cond" truecount="2" falsecount="0"/>
        <line num="29" count="2" type="stmt"/>
        <line num="34" count="2" type="stmt"/>
        <line num="35" count="2" type="cond" truecount="2" falsecount="0"/>
        <line num="38" count="69" type="stmt"/>
        <line num="39" count="51" type="stmt"/>
        <line num="42" count="69" type="stmt"/>
        <line num="95" count="102" type="stmt"/>
        <line num="129" count="37" type="stmt"/>
        <line num="138" count="0" type="stmt"/>
        <line num="155" count="51" type="stmt"/>
      </file>
      <file name="Movies.tsx" path="C:\Users\Jeffrey Bernadas\Documents\Web Development\Collabera Training\digital-streaming-system\frontend\src\pages\Movies.tsx">
        <metrics statements="14" coveredstatements="14" conditionals="11" coveredconditionals="11" methods="7" coveredmethods="7"/>
        <line num="11" count="8" type="stmt"/>
        <line num="12" count="49" type="stmt"/>
        <line num="13" count="36" type="stmt"/>
        <line num="14" count="36" type="stmt"/>
        <line num="15" count="36" type="stmt"/>
        <line num="17" count="36" type="stmt"/>
        <line num="18" count="8" type="stmt"/>
        <line num="21" count="36" type="stmt"/>
        <line num="22" count="2" type="cond" truecount="2" falsecount="0"/>
        <line num="23" count="1" type="stmt"/>
        <line num="26" count="36" type="stmt"/>
        <line num="36" count="14" type="stmt"/>
        <line num="38" count="2" type="stmt"/>
        <line num="51" count="43" type="cond" truecount="2" falsecount="0"/>
      </file>
      <file name="Page404.tsx" path="C:\Users\Jeffrey Bernadas\Documents\Web Development\Collabera Training\digital-streaming-system\frontend\src\pages\Page404.tsx">
        <metrics statements="5" coveredstatements="5" conditionals="0" coveredconditionals="0" methods="2" coveredmethods="2"/>
        <line num="5" count="8" type="stmt"/>
        <line num="6" count="5" type="stmt"/>
        <line num="7" count="5" type="stmt"/>
        <line num="8" count="5" type="stmt"/>
        <line num="23" count="1" type="stmt"/>
      </file>
    </package>
  </project>
</coverage>
