{"C:\\Users\\Jeffrey Bernadas\\Documents\\Web Development\\Collabera Training\\digital-streaming-system\\frontend\\src\\components\\ActorCard\\ActorCard.tsx": {"path":"C:\\Users\\Jeffrey Bernadas\\Documents\\Web Development\\Collabera Training\\digital-streaming-system\\frontend\\src\\components\\ActorCard\\ActorCard.tsx","statementMap":{"0":{"start":{"line":10,"column":18},"end":{"line":24,"column":1}},"1":{"start":{"line":11,"column":2},"end":{"line":23,"column":4}}},"fnMap":{"0":{"name":"(anonymous_0)","decl":{"start":{"line":10,"column":18},"end":{"line":10,"column":19}},"loc":{"start":{"line":10,"column":59},"end":{"line":24,"column":1}},"line":10}},"branchMap":{"0":{"loc":{"start":{"line":18,"column":9},"end":{"line":20,"column":9}},"type":"binary-expr","locations":[{"start":{"line":18,"column":9},"end":{"line":18,"column":21}},{"start":{"line":19,"column":10},"end":{"line":19,"column":70}}],"line":18},"1":{"loc":{"start":{"line":19,"column":21},"end":{"line":19,"column":57}},"type":"binary-expr","locations":[{"start":{"line":19,"column":21},"end":{"line":19,"column":52}},{"start":{"line":19,"column":56},"end":{"line":19,"column":57}}],"line":19}},"s":{"0":15,"1":130},"f":{"0":130},"b":{"0":[130,28],"1":[28,28]},"_coverageSchema":"1a1c01bbd47fc00a2c39e90264f33305004495a9","hash":"89f5096cc46575e73a61cf86366cda53e87bd4d9"}
,"C:\\Users\\Jeffrey Bernadas\\Documents\\Web Development\\Collabera Training\\digital-streaming-system\\frontend\\src\\components\\Hero\\Hero.tsx": {"path":"C:\\Users\\Jeffrey Bernadas\\Documents\\Web Development\\Collabera Training\\digital-streaming-system\\frontend\\src\\components\\Hero\\Hero.tsx","statementMap":{"0":{"start":{"line":3,"column":13},"end":{"line":21,"column":1}},"1":{"start":{"line":4,"column":2},"end":{"line":20,"column":4}}},"fnMap":{"0":{"name":"(anonymous_0)","decl":{"start":{"line":3,"column":13},"end":{"line":3,"column":14}},"loc":{"start":{"line":3,"column":19},"end":{"line":21,"column":1}},"line":3}},"branchMap":{},"s":{"0":15,"1":6},"f":{"0":6},"b":{},"_coverageSchema":"1a1c01bbd47fc00a2c39e90264f33305004495a9","hash":"eadda6b4ce05580b58206cc7228cb9f6d3935ebc"}
,"C:\\Users\\Jeffrey Bernadas\\Documents\\Web Development\\Collabera Training\\digital-streaming-system\\frontend\\src\\components\\MovieCard\\MovieCard.tsx": {"path":"C:\\Users\\Jeffrey Bernadas\\Documents\\Web Development\\Collabera Training\\digital-streaming-system\\frontend\\src\\components\\MovieCard\\MovieCard.tsx","statementMap":{"0":{"start":{"line":12,"column":18},"end":{"line":28,"column":1}},"1":{"start":{"line":13,"column":25},"end":{"line":13,"column":74}},"2":{"start":{"line":15,"column":2},"end":{"line":27,"column":4}}},"fnMap":{"0":{"name":"(anonymous_0)","decl":{"start":{"line":12,"column":18},"end":{"line":12,"column":19}},"loc":{"start":{"line":12,"column":45},"end":{"line":28,"column":1}},"line":12}},"branchMap":{},"s":{"0":15,"1":56,"2":56},"f":{"0":56},"b":{},"_coverageSchema":"1a1c01bbd47fc00a2c39e90264f33305004495a9","hash":"01d6d824c875c3b44f4212ca07783a05766cd114"}
,"C:\\Users\\Jeffrey Bernadas\\Documents\\Web Development\\Collabera Training\\digital-streaming-system\\frontend\\src\\components\\MoviesSection\\MoviesSection.tsx": {"path":"C:\\Users\\Jeffrey Bernadas\\Documents\\Web Development\\Collabera Training\\digital-streaming-system\\frontend\\src\\components\\MoviesSection\\MoviesSection.tsx","statementMap":{"0":{"start":{"line":7,"column":22},"end":{"line":43,"column":1}},"1":{"start":{"line":8,"column":32},"end":{"line":8,"column":72}},"2":{"start":{"line":8,"column":60},"end":{"line":8,"column":71}},"3":{"start":{"line":9,"column":19},"end":{"line":9,"column":37}},"4":{"start":{"line":11,"column":2},"end":{"line":13,"column":17}},"5":{"start":{"line":12,"column":4},"end":{"line":12,"column":35}},"6":{"start":{"line":15,"column":2},"end":{"line":42,"column":4}},"7":{"start":{"line":37,"column":12},"end":{"line":37,"column":62}}},"fnMap":{"0":{"name":"(anonymous_0)","decl":{"start":{"line":7,"column":22},"end":{"line":7,"column":23}},"loc":{"start":{"line":7,"column":28},"end":{"line":43,"column":1}},"line":7},"1":{"name":"(anonymous_1)","decl":{"start":{"line":8,"column":49},"end":{"line":8,"column":50}},"loc":{"start":{"line":8,"column":60},"end":{"line":8,"column":71}},"line":8},"2":{"name":"(anonymous_2)","decl":{"start":{"line":11,"column":12},"end":{"line":11,"column":13}},"loc":{"start":{"line":11,"column":18},"end":{"line":13,"column":3}},"line":11},"3":{"name":"(anonymous_3)","decl":{"start":{"line":36,"column":22},"end":{"line":36,"column":23}},"loc":{"start":{"line":36,"column":33},"end":{"line":38,"column":11}},"line":36}},"branchMap":{"0":{"loc":{"start":{"line":28,"column":9},"end":{"line":34,"column":9}},"type":"cond-expr","locations":[{"start":{"line":29,"column":10},"end":{"line":29,"column":55}},{"start":{"line":31,"column":10},"end":{"line":33,"column":11}}],"line":28},"1":{"loc":{"start":{"line":28,"column":9},"end":{"line":28,"column":40}},"type":"binary-expr","locations":[{"start":{"line":28,"column":9},"end":{"line":28,"column":18}},{"start":{"line":28,"column":22},"end":{"line":28,"column":40}}],"line":28},"2":{"loc":{"start":{"line":31,"column":10},"end":{"line":33,"column":11}},"type":"binary-expr","locations":[{"start":{"line":31,"column":10},"end":{"line":31,"column":28}},{"start":{"line":32,"column":12},"end":{"line":32,"column":75}}],"line":31}},"s":{"0":15,"1":18,"2":28,"3":18,"4":18,"5":8,"6":18,"7":10},"f":{"0":18,"1":28,"2":8,"3":10},"b":{"0":[8,10],"1":[18,8],"2":[10,8]},"_coverageSchema":"1a1c01bbd47fc00a2c39e90264f33305004495a9","hash":"afd5395c069bbb720b845cad16d32c5ca2452932"}
,"C:\\Users\\Jeffrey Bernadas\\Documents\\Web Development\\Collabera Training\\digital-streaming-system\\frontend\\src\\components\\Navbar\\Navbar.tsx": {"path":"C:\\Users\\Jeffrey Bernadas\\Documents\\Web Development\\Collabera Training\\digital-streaming-system\\frontend\\src\\components\\Navbar\\Navbar.tsx","statementMap":{"0":{"start":{"line":8,"column":15},"end":{"line":65,"column":1}},"1":{"start":{"line":9,"column":29},"end":{"line":9,"column":68}},"2":{"start":{"line":9,"column":57},"end":{"line":9,"column":67}},"3":{"start":{"line":10,"column":19},"end":{"line":10,"column":37}},"4":{"start":{"line":11,"column":16},"end":{"line":24,"column":3}},"5":{"start":{"line":26,"column":23},"end":{"line":28,"column":16}},"6":{"start":{"line":27,"column":4},"end":{"line":27,"column":27}},"7":{"start":{"line":30,"column":2},"end":{"line":64,"column":4}},"8":{"start":{"line":39,"column":12},"end":{"line":43,"column":14}}},"fnMap":{"0":{"name":"(anonymous_0)","decl":{"start":{"line":8,"column":15},"end":{"line":8,"column":16}},"loc":{"start":{"line":8,"column":21},"end":{"line":65,"column":1}},"line":8},"1":{"name":"(anonymous_1)","decl":{"start":{"line":9,"column":46},"end":{"line":9,"column":47}},"loc":{"start":{"line":9,"column":57},"end":{"line":9,"column":67}},"line":9},"2":{"name":"(anonymous_2)","decl":{"start":{"line":26,"column":35},"end":{"line":26,"column":36}},"loc":{"start":{"line":26,"column":41},"end":{"line":28,"column":3}},"line":26},"3":{"name":"(anonymous_3)","decl":{"start":{"line":38,"column":21},"end":{"line":38,"column":22}},"loc":{"start":{"line":38,"column":31},"end":{"line":44,"column":11}},"line":38}},"branchMap":{"0":{"loc":{"start":{"line":45,"column":11},"end":{"line":49,"column":11}},"type":"binary-expr","locations":[{"start":{"line":45,"column":11},"end":{"line":45,"column":32}},{"start":{"line":46,"column":12},"end":{"line":48,"column":19}}],"line":45},"1":{"loc":{"start":{"line":52,"column":11},"end":{"line":60,"column":11}},"type":"cond-expr","locations":[{"start":{"line":53,"column":12},"end":{"line":55,"column":19}},{"start":{"line":57,"column":12},"end":{"line":59,"column":19}}],"line":52}},"s":{"0":15,"1":5,"2":10,"3":5,"4":5,"5":5,"6":1,"7":5,"8":15},"f":{"0":5,"1":10,"2":1,"3":15},"b":{"0":[5,2],"1":[2,3]},"_coverageSchema":"1a1c01bbd47fc00a2c39e90264f33305004495a9","hash":"46fdd2ab8543088937d2fed81b1a1bf38ae17ace"}
,"C:\\Users\\Jeffrey Bernadas\\Documents\\Web Development\\Collabera Training\\digital-streaming-system\\frontend\\src\\components\\Rating\\Rating.tsx": {"path":"C:\\Users\\Jeffrey Bernadas\\Documents\\Web Development\\Collabera Training\\digital-streaming-system\\frontend\\src\\components\\Rating\\Rating.tsx","statementMap":{"0":{"start":{"line":7,"column":15},"end":{"line":19,"column":1}},"1":{"start":{"line":8,"column":2},"end":{"line":18,"column":4}}},"fnMap":{"0":{"name":"(anonymous_0)","decl":{"start":{"line":7,"column":15},"end":{"line":7,"column":16}},"loc":{"start":{"line":7,"column":44},"end":{"line":19,"column":1}},"line":7}},"branchMap":{},"s":{"0":15,"1":168},"f":{"0":168},"b":{},"_coverageSchema":"1a1c01bbd47fc00a2c39e90264f33305004495a9","hash":"6b6927c7d9567150981458695d83f838157323ef"}
,"C:\\Users\\Jeffrey Bernadas\\Documents\\Web Development\\Collabera Training\\digital-streaming-system\\frontend\\src\\components\\ReviewCard\\ReviewCard.tsx": {"path":"C:\\Users\\Jeffrey Bernadas\\Documents\\Web Development\\Collabera Training\\digital-streaming-system\\frontend\\src\\components\\ReviewCard\\ReviewCard.tsx","statementMap":{"0":{"start":{"line":11,"column":19},"end":{"line":30,"column":1}},"1":{"start":{"line":12,"column":27},"end":{"line":12,"column":97}},"2":{"start":{"line":13,"column":2},"end":{"line":29,"column":4}}},"fnMap":{"0":{"name":"(anonymous_0)","decl":{"start":{"line":11,"column":19},"end":{"line":11,"column":20}},"loc":{"start":{"line":11,"column":53},"end":{"line":30,"column":1}},"line":11}},"branchMap":{},"s":{"0":15,"1":54,"2":54},"f":{"0":54},"b":{},"_coverageSchema":"1a1c01bbd47fc00a2c39e90264f33305004495a9","hash":"641d21b03f624c9f989725080bc435b8e58cc1de"}
,"C:\\Users\\Jeffrey Bernadas\\Documents\\Web Development\\Collabera Training\\digital-streaming-system\\frontend\\src\\components\\Tables\\TableActors.tsx": {"path":"C:\\Users\\Jeffrey Bernadas\\Documents\\Web Development\\Collabera Training\\digital-streaming-system\\frontend\\src\\components\\Tables\\TableActors.tsx","statementMap":{"0":{"start":{"line":30,"column":20},"end":{"line":478,"column":1}},"1":{"start":{"line":31,"column":21},"end":{"line":31,"column":61}},"2":{"start":{"line":31,"column":49},"end":{"line":31,"column":60}},"3":{"start":{"line":32,"column":19},"end":{"line":32,"column":37}},"4":{"start":{"line":33,"column":19},"end":{"line":33,"column":32}},"5":{"start":{"line":34,"column":22},"end":{"line":34,"column":33}},"6":{"start":{"line":37,"column":42},"end":{"line":37,"column":62}},"7":{"start":{"line":40,"column":44},"end":{"line":40,"column":68}},"8":{"start":{"line":41,"column":50},"end":{"line":41,"column":74}},"9":{"start":{"line":42,"column":50},"end":{"line":42,"column":74}},"10":{"start":{"line":45,"column":34},"end":{"line":52,"column":4}},"11":{"start":{"line":53,"column":52},"end":{"line":55,"column":3}},"12":{"start":{"line":56,"column":48},"end":{"line":56,"column":68}},"13":{"start":{"line":59,"column":2},"end":{"line":61,"column":17}},"14":{"start":{"line":60,"column":4},"end":{"line":60,"column":31}},"15":{"start":{"line":64,"column":34},"end":{"line":68,"column":3}},"16":{"start":{"line":66,"column":6},"end":{"line":67,"column":70}},"17":{"start":{"line":71,"column":25},"end":{"line":103,"column":26}},"18":{"start":{"line":72,"column":4},"end":{"line":102,"column":5}},"19":{"start":{"line":74,"column":6},"end":{"line":74,"column":47}},"20":{"start":{"line":75,"column":6},"end":{"line":75,"column":45}},"21":{"start":{"line":76,"column":6},"end":{"line":77,"column":71}},"22":{"start":{"line":77,"column":8},"end":{"line":77,"column":71}},"23":{"start":{"line":78,"column":6},"end":{"line":79,"column":65}},"24":{"start":{"line":79,"column":8},"end":{"line":79,"column":65}},"25":{"start":{"line":80,"column":6},"end":{"line":80,"column":48}},"26":{"start":{"line":81,"column":6},"end":{"line":81,"column":56}},"27":{"start":{"line":83,"column":37},"end":{"line":83,"column":71}},"28":{"start":{"line":84,"column":6},"end":{"line":94,"column":7}},"29":{"start":{"line":85,"column":8},"end":{"line":85,"column":32}},"30":{"start":{"line":86,"column":8},"end":{"line":93,"column":11}},"31":{"start":{"line":96,"column":6},"end":{"line":101,"column":9}},"32":{"start":{"line":106,"column":39},"end":{"line":109,"column":8}},"33":{"start":{"line":107,"column":4},"end":{"line":107,"column":30}},"34":{"start":{"line":108,"column":4},"end":{"line":108,"column":39}},"35":{"start":{"line":111,"column":28},"end":{"line":159,"column":4}},"36":{"start":{"line":112,"column":4},"end":{"line":149,"column":5}},"37":{"start":{"line":114,"column":6},"end":{"line":114,"column":56}},"38":{"start":{"line":115,"column":6},"end":{"line":115,"column":54}},"39":{"start":{"line":116,"column":6},"end":{"line":120,"column":71}},"40":{"start":{"line":120,"column":8},"end":{"line":120,"column":71}},"41":{"start":{"line":121,"column":6},"end":{"line":122,"column":65}},"42":{"start":{"line":122,"column":8},"end":{"line":122,"column":65}},"43":{"start":{"line":123,"column":6},"end":{"line":123,"column":57}},"44":{"start":{"line":124,"column":6},"end":{"line":124,"column":65}},"45":{"start":{"line":126,"column":42},"end":{"line":134,"column":7}},"46":{"start":{"line":136,"column":37},"end":{"line":138,"column":7}},"47":{"start":{"line":139,"column":6},"end":{"line":141,"column":7}},"48":{"start":{"line":140,"column":8},"end":{"line":140,"column":35}},"49":{"start":{"line":143,"column":6},"end":{"line":148,"column":9}},"50":{"start":{"line":162,"column":39},"end":{"line":165,"column":8}},"51":{"start":{"line":163,"column":4},"end":{"line":163,"column":27}},"52":{"start":{"line":164,"column":4},"end":{"line":164,"column":30}},"53":{"start":{"line":167,"column":28},"end":{"line":170,"column":33}},"54":{"start":{"line":168,"column":4},"end":{"line":168,"column":47}},"55":{"start":{"line":169,"column":4},"end":{"line":169,"column":31}},"56":{"start":{"line":173,"column":47},"end":{"line":248,"column":3}},"57":{"start":{"line":176,"column":25},"end":{"line":176,"column":50}},"58":{"start":{"line":181,"column":25},"end":{"line":181,"column":49}},"59":{"start":{"line":186,"column":25},"end":{"line":186,"column":47}},"60":{"start":{"line":192,"column":25},"end":{"line":192,"column":32}},"61":{"start":{"line":198,"column":8},"end":{"line":204,"column":9}},"62":{"start":{"line":211,"column":8},"end":{"line":244,"column":11}},"63":{"start":{"line":217,"column":29},"end":{"line":217,"column":57}},"64":{"start":{"line":228,"column":29},"end":{"line":228,"column":62}},"65":{"start":{"line":239,"column":29},"end":{"line":239,"column":65}},"66":{"start":{"line":250,"column":2},"end":{"line":477,"column":4}},"67":{"start":{"line":257,"column":31},"end":{"line":257,"column":73}},"68":{"start":{"line":259,"column":56},"end":{"line":259,"column":78}},"69":{"start":{"line":280,"column":23},"end":{"line":280,"column":46}},"70":{"start":{"line":289,"column":12},"end":{"line":289,"column":74}},"71":{"start":{"line":298,"column":12},"end":{"line":298,"column":73}},"72":{"start":{"line":307,"column":12},"end":{"line":307,"column":62}},"73":{"start":{"line":317,"column":12},"end":{"line":317,"column":69}},"74":{"start":{"line":325,"column":12},"end":{"line":325,"column":70}},"75":{"start":{"line":334,"column":12},"end":{"line":337,"column":14}},"76":{"start":{"line":359,"column":23},"end":{"line":359,"column":49}},"77":{"start":{"line":368,"column":12},"end":{"line":371,"column":14}},"78":{"start":{"line":380,"column":12},"end":{"line":383,"column":14}},"79":{"start":{"line":392,"column":12},"end":{"line":392,"column":80}},"80":{"start":{"line":402,"column":12},"end":{"line":405,"column":14}},"81":{"start":{"line":414,"column":12},"end":{"line":417,"column":14}},"82":{"start":{"line":425,"column":12},"end":{"line":428,"column":14}},"83":{"start":{"line":450,"column":23},"end":{"line":450,"column":49}},"84":{"start":{"line":462,"column":27},"end":{"line":462,"column":46}},"85":{"start":{"line":470,"column":27},"end":{"line":470,"column":53}}},"fnMap":{"0":{"name":"(anonymous_0)","decl":{"start":{"line":30,"column":20},"end":{"line":30,"column":21}},"loc":{"start":{"line":30,"column":26},"end":{"line":478,"column":1}},"line":30},"1":{"name":"(anonymous_1)","decl":{"start":{"line":31,"column":38},"end":{"line":31,"column":39}},"loc":{"start":{"line":31,"column":49},"end":{"line":31,"column":60}},"line":31},"2":{"name":"(anonymous_2)","decl":{"start":{"line":59,"column":12},"end":{"line":59,"column":13}},"loc":{"start":{"line":59,"column":18},"end":{"line":61,"column":3}},"line":59},"3":{"name":"(anonymous_3)","decl":{"start":{"line":65,"column":4},"end":{"line":65,"column":5}},"loc":{"start":{"line":66,"column":6},"end":{"line":67,"column":70}},"line":66},"4":{"name":"(anonymous_4)","decl":{"start":{"line":71,"column":37},"end":{"line":71,"column":38}},"loc":{"start":{"line":71,"column":49},"end":{"line":103,"column":3}},"line":71},"5":{"name":"(anonymous_5)","decl":{"start":{"line":106,"column":51},"end":{"line":106,"column":52}},"loc":{"start":{"line":106,"column":77},"end":{"line":109,"column":3}},"line":106},"6":{"name":"(anonymous_6)","decl":{"start":{"line":111,"column":40},"end":{"line":111,"column":41}},"loc":{"start":{"line":111,"column":52},"end":{"line":150,"column":3}},"line":111},"7":{"name":"(anonymous_7)","decl":{"start":{"line":162,"column":51},"end":{"line":162,"column":52}},"loc":{"start":{"line":162,"column":67},"end":{"line":165,"column":3}},"line":162},"8":{"name":"(anonymous_8)","decl":{"start":{"line":167,"column":40},"end":{"line":167,"column":41}},"loc":{"start":{"line":167,"column":46},"end":{"line":170,"column":3}},"line":167},"9":{"name":"(anonymous_9)","decl":{"start":{"line":176,"column":16},"end":{"line":176,"column":17}},"loc":{"start":{"line":176,"column":25},"end":{"line":176,"column":50}},"line":176},"10":{"name":"(anonymous_10)","decl":{"start":{"line":181,"column":16},"end":{"line":181,"column":17}},"loc":{"start":{"line":181,"column":25},"end":{"line":181,"column":49}},"line":181},"11":{"name":"(anonymous_11)","decl":{"start":{"line":186,"column":16},"end":{"line":186,"column":17}},"loc":{"start":{"line":186,"column":25},"end":{"line":186,"column":47}},"line":186},"12":{"name":"(anonymous_12)","decl":{"start":{"line":192,"column":16},"end":{"line":192,"column":17}},"loc":{"start":{"line":192,"column":25},"end":{"line":192,"column":32}},"line":192},"13":{"name":"(anonymous_13)","decl":{"start":{"line":197,"column":12},"end":{"line":197,"column":13}},"loc":{"start":{"line":198,"column":8},"end":{"line":204,"column":9}},"line":198},"14":{"name":"(anonymous_14)","decl":{"start":{"line":210,"column":12},"end":{"line":210,"column":13}},"loc":{"start":{"line":211,"column":8},"end":{"line":244,"column":11}},"line":211},"15":{"name":"(anonymous_15)","decl":{"start":{"line":217,"column":23},"end":{"line":217,"column":24}},"loc":{"start":{"line":217,"column":29},"end":{"line":217,"column":57}},"line":217},"16":{"name":"(anonymous_16)","decl":{"start":{"line":228,"column":23},"end":{"line":228,"column":24}},"loc":{"start":{"line":228,"column":29},"end":{"line":228,"column":62}},"line":228},"17":{"name":"(anonymous_17)","decl":{"start":{"line":239,"column":23},"end":{"line":239,"column":24}},"loc":{"start":{"line":239,"column":29},"end":{"line":239,"column":65}},"line":239},"18":{"name":"(anonymous_18)","decl":{"start":{"line":257,"column":20},"end":{"line":257,"column":21}},"loc":{"start":{"line":257,"column":31},"end":{"line":257,"column":73}},"line":257},"19":{"name":"(anonymous_19)","decl":{"start":{"line":259,"column":50},"end":{"line":259,"column":51}},"loc":{"start":{"line":259,"column":56},"end":{"line":259,"column":78}},"line":259},"20":{"name":"(anonymous_20)","decl":{"start":{"line":280,"column":17},"end":{"line":280,"column":18}},"loc":{"start":{"line":280,"column":23},"end":{"line":280,"column":46}},"line":280},"21":{"name":"(anonymous_21)","decl":{"start":{"line":288,"column":20},"end":{"line":288,"column":21}},"loc":{"start":{"line":289,"column":12},"end":{"line":289,"column":74}},"line":289},"22":{"name":"(anonymous_22)","decl":{"start":{"line":297,"column":20},"end":{"line":297,"column":21}},"loc":{"start":{"line":298,"column":12},"end":{"line":298,"column":73}},"line":298},"23":{"name":"(anonymous_23)","decl":{"start":{"line":306,"column":20},"end":{"line":306,"column":21}},"loc":{"start":{"line":307,"column":12},"end":{"line":307,"column":62}},"line":307},"24":{"name":"(anonymous_24)","decl":{"start":{"line":316,"column":20},"end":{"line":316,"column":21}},"loc":{"start":{"line":317,"column":12},"end":{"line":317,"column":69}},"line":317},"25":{"name":"(anonymous_25)","decl":{"start":{"line":324,"column":20},"end":{"line":324,"column":21}},"loc":{"start":{"line":325,"column":12},"end":{"line":325,"column":70}},"line":325},"26":{"name":"(anonymous_26)","decl":{"start":{"line":333,"column":20},"end":{"line":333,"column":21}},"loc":{"start":{"line":334,"column":12},"end":{"line":337,"column":14}},"line":334},"27":{"name":"(anonymous_27)","decl":{"start":{"line":359,"column":17},"end":{"line":359,"column":18}},"loc":{"start":{"line":359,"column":23},"end":{"line":359,"column":49}},"line":359},"28":{"name":"(anonymous_28)","decl":{"start":{"line":367,"column":20},"end":{"line":367,"column":21}},"loc":{"start":{"line":368,"column":12},"end":{"line":371,"column":14}},"line":368},"29":{"name":"(anonymous_29)","decl":{"start":{"line":379,"column":20},"end":{"line":379,"column":21}},"loc":{"start":{"line":380,"column":12},"end":{"line":383,"column":14}},"line":380},"30":{"name":"(anonymous_30)","decl":{"start":{"line":391,"column":20},"end":{"line":391,"column":21}},"loc":{"start":{"line":392,"column":12},"end":{"line":392,"column":80}},"line":392},"31":{"name":"(anonymous_31)","decl":{"start":{"line":401,"column":20},"end":{"line":401,"column":21}},"loc":{"start":{"line":402,"column":12},"end":{"line":405,"column":14}},"line":402},"32":{"name":"(anonymous_32)","decl":{"start":{"line":413,"column":20},"end":{"line":413,"column":21}},"loc":{"start":{"line":414,"column":12},"end":{"line":417,"column":14}},"line":414},"33":{"name":"(anonymous_33)","decl":{"start":{"line":424,"column":20},"end":{"line":424,"column":21}},"loc":{"start":{"line":425,"column":12},"end":{"line":428,"column":14}},"line":425},"34":{"name":"(anonymous_34)","decl":{"start":{"line":450,"column":17},"end":{"line":450,"column":18}},"loc":{"start":{"line":450,"column":23},"end":{"line":450,"column":49}},"line":450},"35":{"name":"(anonymous_35)","decl":{"start":{"line":462,"column":21},"end":{"line":462,"column":22}},"loc":{"start":{"line":462,"column":27},"end":{"line":462,"column":46}},"line":462},"36":{"name":"(anonymous_36)","decl":{"start":{"line":470,"column":21},"end":{"line":470,"column":22}},"loc":{"start":{"line":470,"column":27},"end":{"line":470,"column":53}},"line":470}},"branchMap":{"0":{"loc":{"start":{"line":66,"column":6},"end":{"line":67,"column":70}},"type":"binary-expr","locations":[{"start":{"line":66,"column":6},"end":{"line":66,"column":71}},{"start":{"line":67,"column":6},"end":{"line":67,"column":70}}],"line":66},"1":{"loc":{"start":{"line":76,"column":6},"end":{"line":77,"column":71}},"type":"if","locations":[{"start":{"line":76,"column":6},"end":{"line":77,"column":71}},{"start":{},"end":{}}],"line":76},"2":{"loc":{"start":{"line":76,"column":10},"end":{"line":76,"column":68}},"type":"binary-expr","locations":[{"start":{"line":76,"column":10},"end":{"line":76,"column":36}},{"start":{"line":76,"column":40},"end":{"line":76,"column":68}}],"line":76},"3":{"loc":{"start":{"line":78,"column":6},"end":{"line":79,"column":65}},"type":"if","locations":[{"start":{"line":78,"column":6},"end":{"line":79,"column":65}},{"start":{},"end":{}}],"line":78},"4":{"loc":{"start":{"line":78,"column":10},"end":{"line":78,"column":43}},"type":"binary-expr","locations":[{"start":{"line":78,"column":10},"end":{"line":78,"column":26}},{"start":{"line":78,"column":30},"end":{"line":78,"column":43}}],"line":78},"5":{"loc":{"start":{"line":84,"column":6},"end":{"line":94,"column":7}},"type":"if","locations":[{"start":{"line":84,"column":6},"end":{"line":94,"column":7}},{"start":{},"end":{}}],"line":84},"6":{"loc":{"start":{"line":116,"column":6},"end":{"line":120,"column":71}},"type":"if","locations":[{"start":{"line":116,"column":6},"end":{"line":120,"column":71}},{"start":{},"end":{}}],"line":116},"7":{"loc":{"start":{"line":117,"column":8},"end":{"line":118,"column":45}},"type":"binary-expr","locations":[{"start":{"line":117,"column":8},"end":{"line":117,"column":43}},{"start":{"line":118,"column":8},"end":{"line":118,"column":45}}],"line":117},"8":{"loc":{"start":{"line":121,"column":6},"end":{"line":122,"column":65}},"type":"if","locations":[{"start":{"line":121,"column":6},"end":{"line":122,"column":65}},{"start":{},"end":{}}],"line":121},"9":{"loc":{"start":{"line":121,"column":10},"end":{"line":121,"column":61}},"type":"binary-expr","locations":[{"start":{"line":121,"column":10},"end":{"line":121,"column":35}},{"start":{"line":121,"column":39},"end":{"line":121,"column":61}}],"line":121},"10":{"loc":{"start":{"line":139,"column":6},"end":{"line":141,"column":7}},"type":"if","locations":[{"start":{"line":139,"column":6},"end":{"line":141,"column":7}},{"start":{},"end":{}}],"line":139},"11":{"loc":{"start":{"line":198,"column":8},"end":{"line":204,"column":9}},"type":"cond-expr","locations":[{"start":{"line":199,"column":10},"end":{"line":201,"column":14}},{"start":{"line":203,"column":10},"end":{"line":203,"column":19}}],"line":198}},"s":{"0":15,"1":13,"2":31,"3":13,"4":13,"5":13,"6":13,"7":13,"8":13,"9":13,"10":13,"11":13,"12":13,"13":13,"14":6,"15":13,"16":0,"17":13,"18":0,"19":0,"20":0,"21":0,"22":0,"23":0,"24":0,"25":0,"26":0,"27":0,"28":0,"29":0,"30":0,"31":0,"32":13,"33":0,"34":0,"35":13,"36":0,"37":0,"38":0,"39":0,"40":0,"41":0,"42":0,"43":0,"44":0,"45":0,"46":0,"47":0,"48":0,"49":0,"50":13,"51":0,"52":0,"53":13,"54":0,"55":0,"56":13,"57":0,"58":0,"59":0,"60":0,"61":0,"62":0,"63":0,"64":0,"65":0,"66":13,"67":0,"68":0,"69":0,"70":0,"71":0,"72":0,"73":0,"74":0,"75":0,"76":0,"77":0,"78":0,"79":0,"80":0,"81":0,"82":0,"83":0,"84":0,"85":0},"f":{"0":13,"1":31,"2":6,"3":0,"4":0,"5":0,"6":0,"7":0,"8":0,"9":0,"10":0,"11":0,"12":0,"13":0,"14":0,"15":0,"16":0,"17":0,"18":0,"19":0,"20":0,"21":0,"22":0,"23":0,"24":0,"25":0,"26":0,"27":0,"28":0,"29":0,"30":0,"31":0,"32":0,"33":0,"34":0,"35":0,"36":0},"b":{"0":[0,0],"1":[0,0],"2":[0,0],"3":[0,0],"4":[0,0],"5":[0,0],"6":[0,0],"7":[0,0],"8":[0,0],"9":[0,0],"10":[0,0],"11":[0,0]},"_coverageSchema":"1a1c01bbd47fc00a2c39e90264f33305004495a9","hash":"44719e4a4de3ab6294e078a747764c828dafb4f5"}
,"C:\\Users\\Jeffrey Bernadas\\Documents\\Web Development\\Collabera Training\\digital-streaming-system\\frontend\\src\\components\\Tables\\TableMovies.tsx": {"path":"C:\\Users\\Jeffrey Bernadas\\Documents\\Web Development\\Collabera Training\\digital-streaming-system\\frontend\\src\\components\\Tables\\TableMovies.tsx","statementMap":{"0":{"start":{"line":53,"column":20},"end":{"line":608,"column":1}},"1":{"start":{"line":54,"column":32},"end":{"line":54,"column":72}},"2":{"start":{"line":54,"column":60},"end":{"line":54,"column":71}},"3":{"start":{"line":55,"column":21},"end":{"line":55,"column":61}},"4":{"start":{"line":55,"column":49},"end":{"line":55,"column":60}},"5":{"start":{"line":56,"column":19},"end":{"line":56,"column":37}},"6":{"start":{"line":57,"column":19},"end":{"line":57,"column":32}},"7":{"start":{"line":58,"column":22},"end":{"line":58,"column":33}},"8":{"start":{"line":61,"column":44},"end":{"line":61,"column":64}},"9":{"start":{"line":63,"column":40},"end":{"line":63,"column":52}},"10":{"start":{"line":66,"column":44},"end":{"line":66,"column":68}},"11":{"start":{"line":67,"column":44},"end":{"line":67,"column":68}},"12":{"start":{"line":68,"column":50},"end":{"line":68,"column":74}},"13":{"start":{"line":69,"column":50},"end":{"line":69,"column":74}},"14":{"start":{"line":72,"column":34},"end":{"line":79,"column":4}},"15":{"start":{"line":80,"column":34},"end":{"line":87,"column":4}},"16":{"start":{"line":88,"column":52},"end":{"line":90,"column":3}},"17":{"start":{"line":91,"column":48},"end":{"line":91,"column":68}},"18":{"start":{"line":94,"column":2},"end":{"line":96,"column":17}},"19":{"start":{"line":95,"column":4},"end":{"line":95,"column":31}},"20":{"start":{"line":99,"column":21},"end":{"line":101,"column":4}},"21":{"start":{"line":100,"column":4},"end":{"line":100,"column":78}},"22":{"start":{"line":104,"column":34},"end":{"line":106,"column":3}},"23":{"start":{"line":105,"column":4},"end":{"line":105,"column":66}},"24":{"start":{"line":109,"column":25},"end":{"line":142,"column":26}},"25":{"start":{"line":110,"column":4},"end":{"line":141,"column":5}},"26":{"start":{"line":112,"column":6},"end":{"line":112,"column":48}},"27":{"start":{"line":113,"column":6},"end":{"line":113,"column":60}},"28":{"start":{"line":114,"column":6},"end":{"line":115,"column":68}},"29":{"start":{"line":115,"column":8},"end":{"line":115,"column":68}},"30":{"start":{"line":116,"column":6},"end":{"line":117,"column":76}},"31":{"start":{"line":117,"column":8},"end":{"line":117,"column":76}},"32":{"start":{"line":118,"column":6},"end":{"line":118,"column":48}},"33":{"start":{"line":119,"column":6},"end":{"line":120,"column":54}},"34":{"start":{"line":120,"column":8},"end":{"line":120,"column":54}},"35":{"start":{"line":122,"column":37},"end":{"line":122,"column":71}},"36":{"start":{"line":123,"column":6},"end":{"line":133,"column":7}},"37":{"start":{"line":124,"column":8},"end":{"line":124,"column":32}},"38":{"start":{"line":125,"column":8},"end":{"line":132,"column":11}},"39":{"start":{"line":135,"column":6},"end":{"line":140,"column":9}},"40":{"start":{"line":145,"column":25},"end":{"line":177,"column":26}},"41":{"start":{"line":146,"column":4},"end":{"line":176,"column":5}},"42":{"start":{"line":148,"column":6},"end":{"line":148,"column":47}},"43":{"start":{"line":149,"column":6},"end":{"line":149,"column":45}},"44":{"start":{"line":150,"column":6},"end":{"line":151,"column":71}},"45":{"start":{"line":151,"column":8},"end":{"line":151,"column":71}},"46":{"start":{"line":152,"column":6},"end":{"line":153,"column":65}},"47":{"start":{"line":153,"column":8},"end":{"line":153,"column":65}},"48":{"start":{"line":154,"column":6},"end":{"line":154,"column":48}},"49":{"start":{"line":155,"column":6},"end":{"line":155,"column":56}},"50":{"start":{"line":157,"column":37},"end":{"line":157,"column":71}},"51":{"start":{"line":158,"column":6},"end":{"line":168,"column":7}},"52":{"start":{"line":159,"column":8},"end":{"line":159,"column":32}},"53":{"start":{"line":160,"column":8},"end":{"line":167,"column":11}},"54":{"start":{"line":170,"column":6},"end":{"line":175,"column":9}},"55":{"start":{"line":180,"column":39},"end":{"line":186,"column":3}},"56":{"start":{"line":182,"column":6},"end":{"line":182,"column":32}},"57":{"start":{"line":183,"column":6},"end":{"line":183,"column":41}},"58":{"start":{"line":188,"column":28},"end":{"line":223,"column":4}},"59":{"start":{"line":189,"column":4},"end":{"line":216,"column":5}},"60":{"start":{"line":191,"column":6},"end":{"line":191,"column":69}},"61":{"start":{"line":192,"column":6},"end":{"line":193,"column":68}},"62":{"start":{"line":193,"column":8},"end":{"line":193,"column":68}},"63":{"start":{"line":194,"column":6},"end":{"line":194,"column":57}},"64":{"start":{"line":196,"column":43},"end":{"line":201,"column":7}},"65":{"start":{"line":203,"column":37},"end":{"line":205,"column":7}},"66":{"start":{"line":206,"column":6},"end":{"line":208,"column":7}},"67":{"start":{"line":207,"column":8},"end":{"line":207,"column":35}},"68":{"start":{"line":210,"column":6},"end":{"line":215,"column":9}},"69":{"start":{"line":226,"column":39},"end":{"line":229,"column":8}},"70":{"start":{"line":227,"column":4},"end":{"line":227,"column":27}},"71":{"start":{"line":228,"column":4},"end":{"line":228,"column":30}},"72":{"start":{"line":231,"column":28},"end":{"line":234,"column":3}},"73":{"start":{"line":232,"column":4},"end":{"line":232,"column":47}},"74":{"start":{"line":233,"column":4},"end":{"line":233,"column":31}},"75":{"start":{"line":237,"column":47},"end":{"line":322,"column":3}},"76":{"start":{"line":240,"column":25},"end":{"line":240,"column":46}},"77":{"start":{"line":246,"column":25},"end":{"line":246,"column":52}},"78":{"start":{"line":253,"column":8},"end":{"line":253,"column":64}},"79":{"start":{"line":259,"column":25},"end":{"line":259,"column":50}},"80":{"start":{"line":265,"column":25},"end":{"line":265,"column":41}},"81":{"start":{"line":273,"column":8},"end":{"line":318,"column":11}},"82":{"start":{"line":279,"column":29},"end":{"line":279,"column":57}},"83":{"start":{"line":291,"column":29},"end":{"line":291,"column":68}},"84":{"start":{"line":302,"column":29},"end":{"line":302,"column":62}},"85":{"start":{"line":313,"column":29},"end":{"line":313,"column":65}},"86":{"start":{"line":324,"column":2},"end":{"line":607,"column":4}},"87":{"start":{"line":331,"column":31},"end":{"line":331,"column":74}},"88":{"start":{"line":333,"column":56},"end":{"line":333,"column":78}},"89":{"start":{"line":354,"column":23},"end":{"line":354,"column":46}},"90":{"start":{"line":363,"column":12},"end":{"line":363,"column":70}},"91":{"start":{"line":376,"column":12},"end":{"line":376,"column":76}},"92":{"start":{"line":385,"column":12},"end":{"line":385,"column":63}},"93":{"start":{"line":395,"column":12},"end":{"line":395,"column":71}},"94":{"start":{"line":405,"column":12},"end":{"line":405,"column":70}},"95":{"start":{"line":413,"column":31},"end":{"line":413,"column":74}},"96":{"start":{"line":426,"column":25},"end":{"line":426,"column":47}},"97":{"start":{"line":443,"column":23},"end":{"line":443,"column":46}},"98":{"start":{"line":452,"column":12},"end":{"line":452,"column":74}},"99":{"start":{"line":461,"column":12},"end":{"line":461,"column":73}},"100":{"start":{"line":470,"column":12},"end":{"line":470,"column":62}},"101":{"start":{"line":480,"column":12},"end":{"line":480,"column":69}},"102":{"start":{"line":488,"column":12},"end":{"line":488,"column":70}},"103":{"start":{"line":497,"column":12},"end":{"line":500,"column":14}},"104":{"start":{"line":522,"column":23},"end":{"line":522,"column":49}},"105":{"start":{"line":535,"column":12},"end":{"line":538,"column":14}},"106":{"start":{"line":547,"column":12},"end":{"line":550,"column":14}},"107":{"start":{"line":560,"column":12},"end":{"line":563,"column":14}},"108":{"start":{"line":580,"column":23},"end":{"line":580,"column":49}},"109":{"start":{"line":592,"column":27},"end":{"line":592,"column":46}},"110":{"start":{"line":600,"column":27},"end":{"line":600,"column":53}}},"fnMap":{"0":{"name":"(anonymous_0)","decl":{"start":{"line":53,"column":20},"end":{"line":53,"column":21}},"loc":{"start":{"line":53,"column":26},"end":{"line":608,"column":1}},"line":53},"1":{"name":"(anonymous_1)","decl":{"start":{"line":54,"column":49},"end":{"line":54,"column":50}},"loc":{"start":{"line":54,"column":60},"end":{"line":54,"column":71}},"line":54},"2":{"name":"(anonymous_2)","decl":{"start":{"line":55,"column":38},"end":{"line":55,"column":39}},"loc":{"start":{"line":55,"column":49},"end":{"line":55,"column":60}},"line":55},"3":{"name":"(anonymous_3)","decl":{"start":{"line":94,"column":12},"end":{"line":94,"column":13}},"loc":{"start":{"line":94,"column":18},"end":{"line":96,"column":3}},"line":94},"4":{"name":"(anonymous_4)","decl":{"start":{"line":99,"column":32},"end":{"line":99,"column":33}},"loc":{"start":{"line":99,"column":43},"end":{"line":101,"column":3}},"line":99},"5":{"name":"(anonymous_5)","decl":{"start":{"line":104,"column":49},"end":{"line":104,"column":50}},"loc":{"start":{"line":105,"column":4},"end":{"line":105,"column":66}},"line":105},"6":{"name":"(anonymous_6)","decl":{"start":{"line":109,"column":37},"end":{"line":109,"column":38}},"loc":{"start":{"line":109,"column":49},"end":{"line":142,"column":3}},"line":109},"7":{"name":"(anonymous_7)","decl":{"start":{"line":145,"column":37},"end":{"line":145,"column":38}},"loc":{"start":{"line":145,"column":49},"end":{"line":177,"column":3}},"line":145},"8":{"name":"(anonymous_8)","decl":{"start":{"line":181,"column":4},"end":{"line":181,"column":5}},"loc":{"start":{"line":181,"column":35},"end":{"line":184,"column":5}},"line":181},"9":{"name":"(anonymous_9)","decl":{"start":{"line":188,"column":40},"end":{"line":188,"column":41}},"loc":{"start":{"line":188,"column":52},"end":{"line":217,"column":3}},"line":188},"10":{"name":"(anonymous_10)","decl":{"start":{"line":226,"column":51},"end":{"line":226,"column":52}},"loc":{"start":{"line":226,"column":67},"end":{"line":229,"column":3}},"line":226},"11":{"name":"(anonymous_11)","decl":{"start":{"line":231,"column":28},"end":{"line":231,"column":29}},"loc":{"start":{"line":231,"column":34},"end":{"line":234,"column":3}},"line":231},"12":{"name":"(anonymous_12)","decl":{"start":{"line":240,"column":16},"end":{"line":240,"column":17}},"loc":{"start":{"line":240,"column":25},"end":{"line":240,"column":46}},"line":240},"13":{"name":"(anonymous_13)","decl":{"start":{"line":246,"column":16},"end":{"line":246,"column":17}},"loc":{"start":{"line":246,"column":25},"end":{"line":246,"column":52}},"line":246},"14":{"name":"(anonymous_14)","decl":{"start":{"line":252,"column":16},"end":{"line":252,"column":17}},"loc":{"start":{"line":253,"column":8},"end":{"line":253,"column":64}},"line":253},"15":{"name":"(anonymous_15)","decl":{"start":{"line":259,"column":16},"end":{"line":259,"column":17}},"loc":{"start":{"line":259,"column":25},"end":{"line":259,"column":50}},"line":259},"16":{"name":"(anonymous_16)","decl":{"start":{"line":265,"column":16},"end":{"line":265,"column":17}},"loc":{"start":{"line":265,"column":25},"end":{"line":265,"column":41}},"line":265},"17":{"name":"(anonymous_17)","decl":{"start":{"line":272,"column":12},"end":{"line":272,"column":13}},"loc":{"start":{"line":273,"column":8},"end":{"line":318,"column":11}},"line":273},"18":{"name":"(anonymous_18)","decl":{"start":{"line":279,"column":23},"end":{"line":279,"column":24}},"loc":{"start":{"line":279,"column":29},"end":{"line":279,"column":57}},"line":279},"19":{"name":"(anonymous_19)","decl":{"start":{"line":291,"column":23},"end":{"line":291,"column":24}},"loc":{"start":{"line":291,"column":29},"end":{"line":291,"column":68}},"line":291},"20":{"name":"(anonymous_20)","decl":{"start":{"line":302,"column":23},"end":{"line":302,"column":24}},"loc":{"start":{"line":302,"column":29},"end":{"line":302,"column":62}},"line":302},"21":{"name":"(anonymous_21)","decl":{"start":{"line":313,"column":23},"end":{"line":313,"column":24}},"loc":{"start":{"line":313,"column":29},"end":{"line":313,"column":65}},"line":313},"22":{"name":"(anonymous_22)","decl":{"start":{"line":331,"column":20},"end":{"line":331,"column":21}},"loc":{"start":{"line":331,"column":31},"end":{"line":331,"column":74}},"line":331},"23":{"name":"(anonymous_23)","decl":{"start":{"line":333,"column":50},"end":{"line":333,"column":51}},"loc":{"start":{"line":333,"column":56},"end":{"line":333,"column":78}},"line":333},"24":{"name":"(anonymous_24)","decl":{"start":{"line":354,"column":17},"end":{"line":354,"column":18}},"loc":{"start":{"line":354,"column":23},"end":{"line":354,"column":46}},"line":354},"25":{"name":"(anonymous_25)","decl":{"start":{"line":362,"column":20},"end":{"line":362,"column":21}},"loc":{"start":{"line":363,"column":12},"end":{"line":363,"column":70}},"line":363},"26":{"name":"(anonymous_26)","decl":{"start":{"line":375,"column":20},"end":{"line":375,"column":21}},"loc":{"start":{"line":376,"column":12},"end":{"line":376,"column":76}},"line":376},"27":{"name":"(anonymous_27)","decl":{"start":{"line":384,"column":20},"end":{"line":384,"column":21}},"loc":{"start":{"line":385,"column":12},"end":{"line":385,"column":63}},"line":385},"28":{"name":"(anonymous_28)","decl":{"start":{"line":394,"column":20},"end":{"line":394,"column":21}},"loc":{"start":{"line":395,"column":12},"end":{"line":395,"column":71}},"line":395},"29":{"name":"(anonymous_29)","decl":{"start":{"line":404,"column":20},"end":{"line":404,"column":21}},"loc":{"start":{"line":405,"column":12},"end":{"line":405,"column":70}},"line":405},"30":{"name":"(anonymous_30)","decl":{"start":{"line":413,"column":20},"end":{"line":413,"column":21}},"loc":{"start":{"line":413,"column":31},"end":{"line":413,"column":74}},"line":413},"31":{"name":"(anonymous_31)","decl":{"start":{"line":426,"column":19},"end":{"line":426,"column":20}},"loc":{"start":{"line":426,"column":25},"end":{"line":426,"column":47}},"line":426},"32":{"name":"(anonymous_32)","decl":{"start":{"line":443,"column":17},"end":{"line":443,"column":18}},"loc":{"start":{"line":443,"column":23},"end":{"line":443,"column":46}},"line":443},"33":{"name":"(anonymous_33)","decl":{"start":{"line":451,"column":20},"end":{"line":451,"column":21}},"loc":{"start":{"line":452,"column":12},"end":{"line":452,"column":74}},"line":452},"34":{"name":"(anonymous_34)","decl":{"start":{"line":460,"column":20},"end":{"line":460,"column":21}},"loc":{"start":{"line":461,"column":12},"end":{"line":461,"column":73}},"line":461},"35":{"name":"(anonymous_35)","decl":{"start":{"line":469,"column":20},"end":{"line":469,"column":21}},"loc":{"start":{"line":470,"column":12},"end":{"line":470,"column":62}},"line":470},"36":{"name":"(anonymous_36)","decl":{"start":{"line":479,"column":20},"end":{"line":479,"column":21}},"loc":{"start":{"line":480,"column":12},"end":{"line":480,"column":69}},"line":480},"37":{"name":"(anonymous_37)","decl":{"start":{"line":487,"column":20},"end":{"line":487,"column":21}},"loc":{"start":{"line":488,"column":12},"end":{"line":488,"column":70}},"line":488},"38":{"name":"(anonymous_38)","decl":{"start":{"line":496,"column":20},"end":{"line":496,"column":21}},"loc":{"start":{"line":497,"column":12},"end":{"line":500,"column":14}},"line":497},"39":{"name":"(anonymous_39)","decl":{"start":{"line":522,"column":17},"end":{"line":522,"column":18}},"loc":{"start":{"line":522,"column":23},"end":{"line":522,"column":49}},"line":522},"40":{"name":"(anonymous_40)","decl":{"start":{"line":534,"column":20},"end":{"line":534,"column":21}},"loc":{"start":{"line":535,"column":12},"end":{"line":538,"column":14}},"line":535},"41":{"name":"(anonymous_41)","decl":{"start":{"line":546,"column":20},"end":{"line":546,"column":21}},"loc":{"start":{"line":547,"column":12},"end":{"line":550,"column":14}},"line":547},"42":{"name":"(anonymous_42)","decl":{"start":{"line":559,"column":20},"end":{"line":559,"column":21}},"loc":{"start":{"line":560,"column":12},"end":{"line":563,"column":14}},"line":560},"43":{"name":"(anonymous_43)","decl":{"start":{"line":580,"column":17},"end":{"line":580,"column":18}},"loc":{"start":{"line":580,"column":23},"end":{"line":580,"column":49}},"line":580},"44":{"name":"(anonymous_44)","decl":{"start":{"line":592,"column":21},"end":{"line":592,"column":22}},"loc":{"start":{"line":592,"column":27},"end":{"line":592,"column":46}},"line":592},"45":{"name":"(anonymous_45)","decl":{"start":{"line":600,"column":21},"end":{"line":600,"column":22}},"loc":{"start":{"line":600,"column":27},"end":{"line":600,"column":53}},"line":600}},"branchMap":{"0":{"loc":{"start":{"line":114,"column":6},"end":{"line":115,"column":68}},"type":"if","locations":[{"start":{"line":114,"column":6},"end":{"line":115,"column":68}},{"start":{},"end":{}}],"line":114},"1":{"loc":{"start":{"line":114,"column":10},"end":{"line":114,"column":45}},"type":"binary-expr","locations":[{"start":{"line":114,"column":10},"end":{"line":114,"column":27}},{"start":{"line":114,"column":31},"end":{"line":114,"column":45}}],"line":114},"2":{"loc":{"start":{"line":116,"column":6},"end":{"line":117,"column":76}},"type":"if","locations":[{"start":{"line":116,"column":6},"end":{"line":117,"column":76}},{"start":{},"end":{}}],"line":116},"3":{"loc":{"start":{"line":116,"column":10},"end":{"line":116,"column":61}},"type":"binary-expr","locations":[{"start":{"line":116,"column":10},"end":{"line":116,"column":35}},{"start":{"line":116,"column":39},"end":{"line":116,"column":61}}],"line":116},"4":{"loc":{"start":{"line":119,"column":6},"end":{"line":120,"column":54}},"type":"if","locations":[{"start":{"line":119,"column":6},"end":{"line":120,"column":54}},{"start":{},"end":{}}],"line":119},"5":{"loc":{"start":{"line":119,"column":10},"end":{"line":119,"column":57}},"type":"binary-expr","locations":[{"start":{"line":119,"column":10},"end":{"line":119,"column":37}},{"start":{"line":119,"column":41},"end":{"line":119,"column":57}}],"line":119},"6":{"loc":{"start":{"line":123,"column":6},"end":{"line":133,"column":7}},"type":"if","locations":[{"start":{"line":123,"column":6},"end":{"line":133,"column":7}},{"start":{},"end":{}}],"line":123},"7":{"loc":{"start":{"line":150,"column":6},"end":{"line":151,"column":71}},"type":"if","locations":[{"start":{"line":150,"column":6},"end":{"line":151,"column":71}},{"start":{},"end":{}}],"line":150},"8":{"loc":{"start":{"line":150,"column":10},"end":{"line":150,"column":68}},"type":"binary-expr","locations":[{"start":{"line":150,"column":10},"end":{"line":150,"column":36}},{"start":{"line":150,"column":40},"end":{"line":150,"column":68}}],"line":150},"9":{"loc":{"start":{"line":152,"column":6},"end":{"line":153,"column":65}},"type":"if","locations":[{"start":{"line":152,"column":6},"end":{"line":153,"column":65}},{"start":{},"end":{}}],"line":152},"10":{"loc":{"start":{"line":152,"column":10},"end":{"line":152,"column":43}},"type":"binary-expr","locations":[{"start":{"line":152,"column":10},"end":{"line":152,"column":26}},{"start":{"line":152,"column":30},"end":{"line":152,"column":43}}],"line":152},"11":{"loc":{"start":{"line":158,"column":6},"end":{"line":168,"column":7}},"type":"if","locations":[{"start":{"line":158,"column":6},"end":{"line":168,"column":7}},{"start":{},"end":{}}],"line":158},"12":{"loc":{"start":{"line":192,"column":6},"end":{"line":193,"column":68}},"type":"if","locations":[{"start":{"line":192,"column":6},"end":{"line":193,"column":68}},{"start":{},"end":{}}],"line":192},"13":{"loc":{"start":{"line":192,"column":10},"end":{"line":192,"column":63}},"type":"binary-expr","locations":[{"start":{"line":192,"column":10},"end":{"line":192,"column":36}},{"start":{"line":192,"column":40},"end":{"line":192,"column":63}}],"line":192},"14":{"loc":{"start":{"line":206,"column":6},"end":{"line":208,"column":7}},"type":"if","locations":[{"start":{"line":206,"column":6},"end":{"line":208,"column":7}},{"start":{},"end":{}}],"line":206}},"s":{"0":15,"1":13,"2":25,"3":13,"4":25,"5":13,"6":13,"7":13,"8":13,"9":13,"10":13,"11":13,"12":13,"13":13,"14":13,"15":13,"16":13,"17":13,"18":13,"19":6,"20":13,"21":0,"22":13,"23":0,"24":13,"25":0,"26":0,"27":0,"28":0,"29":0,"30":0,"31":0,"32":0,"33":0,"34":0,"35":0,"36":0,"37":0,"38":0,"39":0,"40":13,"41":0,"42":0,"43":0,"44":0,"45":0,"46":0,"47":0,"48":0,"49":0,"50":0,"51":0,"52":0,"53":0,"54":0,"55":13,"56":0,"57":0,"58":13,"59":0,"60":0,"61":0,"62":0,"63":0,"64":0,"65":0,"66":0,"67":0,"68":0,"69":13,"70":0,"71":0,"72":13,"73":0,"74":0,"75":13,"76":0,"77":0,"78":0,"79":0,"80":0,"81":0,"82":0,"83":0,"84":0,"85":0,"86":13,"87":0,"88":0,"89":0,"90":0,"91":0,"92":0,"93":0,"94":0,"95":0,"96":0,"97":0,"98":0,"99":0,"100":0,"101":0,"102":0,"103":0,"104":0,"105":0,"106":0,"107":0,"108":0,"109":0,"110":0},"f":{"0":13,"1":25,"2":25,"3":6,"4":0,"5":0,"6":0,"7":0,"8":0,"9":0,"10":0,"11":0,"12":0,"13":0,"14":0,"15":0,"16":0,"17":0,"18":0,"19":0,"20":0,"21":0,"22":0,"23":0,"24":0,"25":0,"26":0,"27":0,"28":0,"29":0,"30":0,"31":0,"32":0,"33":0,"34":0,"35":0,"36":0,"37":0,"38":0,"39":0,"40":0,"41":0,"42":0,"43":0,"44":0,"45":0},"b":{"0":[0,0],"1":[0,0],"2":[0,0],"3":[0,0],"4":[0,0],"5":[0,0],"6":[0,0],"7":[0,0],"8":[0,0],"9":[0,0],"10":[0,0],"11":[0,0],"12":[0,0],"13":[0,0],"14":[0,0]},"_coverageSchema":"1a1c01bbd47fc00a2c39e90264f33305004495a9","hash":"e5fcb3467f2fd6466b39e77671708c513cfdbc15"}
,"C:\\Users\\Jeffrey Bernadas\\Documents\\Web Development\\Collabera Training\\digital-streaming-system\\frontend\\src\\components\\Tables\\TableReviews.tsx": {"path":"C:\\Users\\Jeffrey Bernadas\\Documents\\Web Development\\Collabera Training\\digital-streaming-system\\frontend\\src\\components\\Tables\\TableReviews.tsx","statementMap":{"0":{"start":{"line":29,"column":21},"end":{"line":292,"column":1}},"1":{"start":{"line":30,"column":35},"end":{"line":30,"column":75}},"2":{"start":{"line":30,"column":63},"end":{"line":30,"column":74}},"3":{"start":{"line":31,"column":19},"end":{"line":31,"column":37}},"4":{"start":{"line":32,"column":22},"end":{"line":32,"column":33}},"5":{"start":{"line":35,"column":48},"end":{"line":35,"column":72}},"6":{"start":{"line":36,"column":48},"end":{"line":36,"column":72}},"7":{"start":{"line":37,"column":52},"end":{"line":37,"column":76}},"8":{"start":{"line":40,"column":46},"end":{"line":42,"column":3}},"9":{"start":{"line":44,"column":4},"end":{"line":44,"column":56}},"10":{"start":{"line":45,"column":50},"end":{"line":45,"column":70}},"11":{"start":{"line":48,"column":38},"end":{"line":51,"column":8}},"12":{"start":{"line":49,"column":4},"end":{"line":49,"column":29}},"13":{"start":{"line":50,"column":4},"end":{"line":50,"column":30}},"14":{"start":{"line":54,"column":40},"end":{"line":60,"column":3}},"15":{"start":{"line":56,"column":6},"end":{"line":56,"column":31}},"16":{"start":{"line":57,"column":6},"end":{"line":57,"column":42}},"17":{"start":{"line":62,"column":29},"end":{"line":84,"column":70}},"18":{"start":{"line":63,"column":4},"end":{"line":83,"column":5}},"19":{"start":{"line":64,"column":24},"end":{"line":64,"column":64}},"20":{"start":{"line":65,"column":50},"end":{"line":68,"column":7}},"21":{"start":{"line":69,"column":37},"end":{"line":71,"column":7}},"22":{"start":{"line":72,"column":6},"end":{"line":72,"column":39}},"23":{"start":{"line":73,"column":6},"end":{"line":75,"column":7}},"24":{"start":{"line":74,"column":8},"end":{"line":74,"column":34}},"25":{"start":{"line":77,"column":6},"end":{"line":82,"column":9}},"26":{"start":{"line":87,"column":40},"end":{"line":90,"column":8}},"27":{"start":{"line":88,"column":4},"end":{"line":88,"column":28}},"28":{"start":{"line":89,"column":4},"end":{"line":89,"column":31}},"29":{"start":{"line":92,"column":29},"end":{"line":96,"column":34}},"30":{"start":{"line":93,"column":4},"end":{"line":93,"column":54}},"31":{"start":{"line":94,"column":4},"end":{"line":94,"column":37}},"32":{"start":{"line":95,"column":4},"end":{"line":95,"column":32}},"33":{"start":{"line":99,"column":54},"end":{"line":162,"column":3}},"34":{"start":{"line":102,"column":25},"end":{"line":102,"column":52}},"35":{"start":{"line":107,"column":25},"end":{"line":107,"column":35}},"36":{"start":{"line":112,"column":25},"end":{"line":112,"column":68}},"37":{"start":{"line":118,"column":26},"end":{"line":118,"column":70}},"38":{"start":{"line":125,"column":8},"end":{"line":158,"column":11}},"39":{"start":{"line":131,"column":29},"end":{"line":131,"column":61}},"40":{"start":{"line":142,"column":29},"end":{"line":142,"column":63}},"41":{"start":{"line":153,"column":29},"end":{"line":153,"column":66}},"42":{"start":{"line":164,"column":2},"end":{"line":291,"column":4}},"43":{"start":{"line":181,"column":23},"end":{"line":181,"column":48}},"44":{"start":{"line":232,"column":23},"end":{"line":232,"column":48}},"45":{"start":{"line":240,"column":12},"end":{"line":243,"column":14}},"46":{"start":{"line":264,"column":23},"end":{"line":264,"column":50}},"47":{"start":{"line":276,"column":27},"end":{"line":276,"column":47}},"48":{"start":{"line":284,"column":27},"end":{"line":284,"column":54}}},"fnMap":{"0":{"name":"(anonymous_0)","decl":{"start":{"line":29,"column":21},"end":{"line":29,"column":22}},"loc":{"start":{"line":29,"column":27},"end":{"line":292,"column":1}},"line":29},"1":{"name":"(anonymous_1)","decl":{"start":{"line":30,"column":52},"end":{"line":30,"column":53}},"loc":{"start":{"line":30,"column":63},"end":{"line":30,"column":74}},"line":30},"2":{"name":"(anonymous_2)","decl":{"start":{"line":48,"column":50},"end":{"line":48,"column":51}},"loc":{"start":{"line":48,"column":76},"end":{"line":51,"column":3}},"line":48},"3":{"name":"(anonymous_3)","decl":{"start":{"line":55,"column":4},"end":{"line":55,"column":5}},"loc":{"start":{"line":55,"column":41},"end":{"line":58,"column":5}},"line":55},"4":{"name":"(anonymous_4)","decl":{"start":{"line":62,"column":41},"end":{"line":62,"column":42}},"loc":{"start":{"line":62,"column":53},"end":{"line":84,"column":3}},"line":62},"5":{"name":"(anonymous_5)","decl":{"start":{"line":87,"column":52},"end":{"line":87,"column":53}},"loc":{"start":{"line":87,"column":68},"end":{"line":90,"column":3}},"line":87},"6":{"name":"(anonymous_6)","decl":{"start":{"line":92,"column":41},"end":{"line":92,"column":42}},"loc":{"start":{"line":92,"column":53},"end":{"line":96,"column":3}},"line":92},"7":{"name":"(anonymous_7)","decl":{"start":{"line":102,"column":16},"end":{"line":102,"column":17}},"loc":{"start":{"line":102,"column":25},"end":{"line":102,"column":52}},"line":102},"8":{"name":"(anonymous_8)","decl":{"start":{"line":107,"column":16},"end":{"line":107,"column":17}},"loc":{"start":{"line":107,"column":25},"end":{"line":107,"column":35}},"line":107},"9":{"name":"(anonymous_9)","decl":{"start":{"line":112,"column":16},"end":{"line":112,"column":17}},"loc":{"start":{"line":112,"column":25},"end":{"line":112,"column":68}},"line":112},"10":{"name":"(anonymous_10)","decl":{"start":{"line":118,"column":16},"end":{"line":118,"column":17}},"loc":{"start":{"line":118,"column":26},"end":{"line":118,"column":70}},"line":118},"11":{"name":"(anonymous_11)","decl":{"start":{"line":124,"column":12},"end":{"line":124,"column":13}},"loc":{"start":{"line":125,"column":8},"end":{"line":158,"column":11}},"line":125},"12":{"name":"(anonymous_12)","decl":{"start":{"line":131,"column":23},"end":{"line":131,"column":24}},"loc":{"start":{"line":131,"column":29},"end":{"line":131,"column":61}},"line":131},"13":{"name":"(anonymous_13)","decl":{"start":{"line":142,"column":23},"end":{"line":142,"column":24}},"loc":{"start":{"line":142,"column":29},"end":{"line":142,"column":63}},"line":142},"14":{"name":"(anonymous_14)","decl":{"start":{"line":153,"column":23},"end":{"line":153,"column":24}},"loc":{"start":{"line":153,"column":29},"end":{"line":153,"column":66}},"line":153},"15":{"name":"(anonymous_15)","decl":{"start":{"line":181,"column":17},"end":{"line":181,"column":18}},"loc":{"start":{"line":181,"column":23},"end":{"line":181,"column":48}},"line":181},"16":{"name":"(anonymous_16)","decl":{"start":{"line":232,"column":17},"end":{"line":232,"column":18}},"loc":{"start":{"line":232,"column":23},"end":{"line":232,"column":48}},"line":232},"17":{"name":"(anonymous_17)","decl":{"start":{"line":239,"column":20},"end":{"line":239,"column":21}},"loc":{"start":{"line":240,"column":12},"end":{"line":243,"column":14}},"line":240},"18":{"name":"(anonymous_18)","decl":{"start":{"line":264,"column":17},"end":{"line":264,"column":18}},"loc":{"start":{"line":264,"column":23},"end":{"line":264,"column":50}},"line":264},"19":{"name":"(anonymous_19)","decl":{"start":{"line":276,"column":21},"end":{"line":276,"column":22}},"loc":{"start":{"line":276,"column":27},"end":{"line":276,"column":47}},"line":276},"20":{"name":"(anonymous_20)","decl":{"start":{"line":284,"column":21},"end":{"line":284,"column":22}},"loc":{"start":{"line":284,"column":27},"end":{"line":284,"column":54}},"line":284}},"branchMap":{"0":{"loc":{"start":{"line":73,"column":6},"end":{"line":75,"column":7}},"type":"if","locations":[{"start":{"line":73,"column":6},"end":{"line":75,"column":7}},{"start":{},"end":{}}],"line":73},"1":{"loc":{"start":{"line":118,"column":26},"end":{"line":118,"column":70}},"type":"cond-expr","locations":[{"start":{"line":118,"column":43},"end":{"line":118,"column":53}},{"start":{"line":118,"column":56},"end":{"line":118,"column":70}}],"line":118},"2":{"loc":{"start":{"line":224,"column":13},"end":{"line":224,"column":68}},"type":"cond-expr","locations":[{"start":{"line":224,"column":41},"end":{"line":224,"column":51}},{"start":{"line":224,"column":54},"end":{"line":224,"column":68}}],"line":224}},"s":{"0":15,"1":13,"2":19,"3":13,"4":13,"5":13,"6":13,"7":13,"8":13,"9":13,"10":13,"11":13,"12":0,"13":0,"14":13,"15":0,"16":0,"17":13,"18":0,"19":0,"20":0,"21":0,"22":0,"23":0,"24":0,"25":0,"26":13,"27":0,"28":0,"29":13,"30":0,"31":0,"32":0,"33":13,"34":0,"35":0,"36":0,"37":0,"38":0,"39":0,"40":0,"41":0,"42":13,"43":0,"44":0,"45":0,"46":0,"47":0,"48":0},"f":{"0":13,"1":19,"2":0,"3":0,"4":0,"5":0,"6":0,"7":0,"8":0,"9":0,"10":0,"11":0,"12":0,"13":0,"14":0,"15":0,"16":0,"17":0,"18":0,"19":0,"20":0},"b":{"0":[0,0],"1":[0,0],"2":[0,13]},"_coverageSchema":"1a1c01bbd47fc00a2c39e90264f33305004495a9","hash":"a832fb6c75dba4c3f16da2f55e310df2fec69b84"}
,"C:\\Users\\Jeffrey Bernadas\\Documents\\Web Development\\Collabera Training\\digital-streaming-system\\frontend\\src\\components\\Tables\\TableStyles.ts": {"path":"C:\\Users\\Jeffrey Bernadas\\Documents\\Web Development\\Collabera Training\\digital-streaming-system\\frontend\\src\\components\\Tables\\TableStyles.ts","statementMap":{"0":{"start":{"line":3,"column":25},"end":{"line":48,"column":3}},"1":{"start":{"line":3,"column":50},"end":{"line":48,"column":1}},"2":{"start":{"line":50,"column":33},"end":{"line":57,"column":1}}},"fnMap":{"0":{"name":"(anonymous_0)","decl":{"start":{"line":3,"column":38},"end":{"line":3,"column":39}},"loc":{"start":{"line":3,"column":50},"end":{"line":48,"column":1}},"line":3}},"branchMap":{},"s":{"0":15,"1":223,"2":15},"f":{"0":223},"b":{},"_coverageSchema":"1a1c01bbd47fc00a2c39e90264f33305004495a9","hash":"a6517726823f2c3ecb726e34659adfb3dcb23c37"}
,"C:\\Users\\Jeffrey Bernadas\\Documents\\Web Development\\Collabera Training\\digital-streaming-system\\frontend\\src\\components\\Tables\\TableUsers.tsx": {"path":"C:\\Users\\Jeffrey Bernadas\\Documents\\Web Development\\Collabera Training\\digital-streaming-system\\frontend\\src\\components\\Tables\\TableUsers.tsx","statementMap":{"0":{"start":{"line":35,"column":19},"end":{"line":410,"column":1}},"1":{"start":{"line":36,"column":31},"end":{"line":36,"column":70}},"2":{"start":{"line":36,"column":59},"end":{"line":36,"column":69}},"3":{"start":{"line":37,"column":19},"end":{"line":37,"column":37}},"4":{"start":{"line":38,"column":22},"end":{"line":38,"column":33}},"5":{"start":{"line":41,"column":42},"end":{"line":41,"column":62}},"6":{"start":{"line":44,"column":42},"end":{"line":44,"column":66}},"7":{"start":{"line":45,"column":48},"end":{"line":45,"column":72}},"8":{"start":{"line":46,"column":48},"end":{"line":46,"column":72}},"9":{"start":{"line":49,"column":32},"end":{"line":51,"column":3}},"10":{"start":{"line":52,"column":50},"end":{"line":52,"column":78}},"11":{"start":{"line":53,"column":46},"end":{"line":53,"column":66}},"12":{"start":{"line":56,"column":2},"end":{"line":58,"column":17}},"13":{"start":{"line":57,"column":4},"end":{"line":57,"column":30}},"14":{"start":{"line":61,"column":33},"end":{"line":65,"column":3}},"15":{"start":{"line":63,"column":6},"end":{"line":64,"column":70}},"16":{"start":{"line":68,"column":24},"end":{"line":89,"column":25}},"17":{"start":{"line":69,"column":4},"end":{"line":88,"column":5}},"18":{"start":{"line":71,"column":6},"end":{"line":71,"column":46}},"19":{"start":{"line":72,"column":6},"end":{"line":72,"column":44}},"20":{"start":{"line":73,"column":6},"end":{"line":73,"column":34}},"21":{"start":{"line":74,"column":6},"end":{"line":74,"column":47}},"22":{"start":{"line":76,"column":37},"end":{"line":76,"column":69}},"23":{"start":{"line":77,"column":6},"end":{"line":80,"column":7}},"24":{"start":{"line":78,"column":8},"end":{"line":78,"column":31}},"25":{"start":{"line":79,"column":8},"end":{"line":79,"column":44}},"26":{"start":{"line":82,"column":6},"end":{"line":87,"column":9}},"27":{"start":{"line":92,"column":27},"end":{"line":95,"column":8}},"28":{"start":{"line":93,"column":4},"end":{"line":93,"column":29}},"29":{"start":{"line":94,"column":4},"end":{"line":94,"column":37}},"30":{"start":{"line":97,"column":27},"end":{"line":133,"column":4}},"31":{"start":{"line":98,"column":4},"end":{"line":124,"column":5}},"32":{"start":{"line":99,"column":6},"end":{"line":99,"column":55}},"33":{"start":{"line":100,"column":6},"end":{"line":100,"column":53}},"34":{"start":{"line":101,"column":6},"end":{"line":101,"column":43}},"35":{"start":{"line":102,"column":24},"end":{"line":102,"column":63}},"36":{"start":{"line":103,"column":49},"end":{"line":110,"column":7}},"37":{"start":{"line":111,"column":37},"end":{"line":113,"column":7}},"38":{"start":{"line":114,"column":6},"end":{"line":116,"column":7}},"39":{"start":{"line":115,"column":8},"end":{"line":115,"column":34}},"40":{"start":{"line":118,"column":6},"end":{"line":123,"column":9}},"41":{"start":{"line":136,"column":38},"end":{"line":139,"column":8}},"42":{"start":{"line":137,"column":4},"end":{"line":137,"column":26}},"43":{"start":{"line":138,"column":4},"end":{"line":138,"column":29}},"44":{"start":{"line":141,"column":27},"end":{"line":144,"column":32}},"45":{"start":{"line":142,"column":4},"end":{"line":142,"column":45}},"46":{"start":{"line":143,"column":4},"end":{"line":143,"column":30}},"47":{"start":{"line":147,"column":45},"end":{"line":208,"column":3}},"48":{"start":{"line":150,"column":25},"end":{"line":150,"column":50}},"49":{"start":{"line":155,"column":25},"end":{"line":155,"column":49}},"50":{"start":{"line":160,"column":25},"end":{"line":160,"column":34}},"51":{"start":{"line":166,"column":25},"end":{"line":166,"column":45}},"52":{"start":{"line":171,"column":26},"end":{"line":171,"column":73}},"53":{"start":{"line":179,"column":8},"end":{"line":204,"column":11}},"54":{"start":{"line":186,"column":29},"end":{"line":186,"column":50}},"55":{"start":{"line":198,"column":29},"end":{"line":198,"column":64}},"56":{"start":{"line":210,"column":2},"end":{"line":409,"column":4}},"57":{"start":{"line":217,"column":31},"end":{"line":217,"column":73}},"58":{"start":{"line":219,"column":56},"end":{"line":219,"column":77}},"59":{"start":{"line":241,"column":23},"end":{"line":241,"column":45}},"60":{"start":{"line":250,"column":12},"end":{"line":250,"column":72}},"61":{"start":{"line":259,"column":12},"end":{"line":259,"column":71}},"62":{"start":{"line":268,"column":12},"end":{"line":268,"column":68}},"63":{"start":{"line":277,"column":12},"end":{"line":277,"column":71}},"64":{"start":{"line":296,"column":23},"end":{"line":296,"column":48}},"65":{"start":{"line":305,"column":12},"end":{"line":308,"column":14}},"66":{"start":{"line":317,"column":12},"end":{"line":320,"column":14}},"67":{"start":{"line":329,"column":12},"end":{"line":332,"column":14}},"68":{"start":{"line":341,"column":12},"end":{"line":344,"column":14}},"69":{"start":{"line":357,"column":12},"end":{"line":360,"column":14}},"70":{"start":{"line":382,"column":23},"end":{"line":382,"column":48}},"71":{"start":{"line":394,"column":27},"end":{"line":394,"column":45}},"72":{"start":{"line":402,"column":27},"end":{"line":402,"column":52}}},"fnMap":{"0":{"name":"(anonymous_0)","decl":{"start":{"line":35,"column":19},"end":{"line":35,"column":20}},"loc":{"start":{"line":35,"column":25},"end":{"line":410,"column":1}},"line":35},"1":{"name":"(anonymous_1)","decl":{"start":{"line":36,"column":48},"end":{"line":36,"column":49}},"loc":{"start":{"line":36,"column":59},"end":{"line":36,"column":69}},"line":36},"2":{"name":"(anonymous_2)","decl":{"start":{"line":56,"column":12},"end":{"line":56,"column":13}},"loc":{"start":{"line":56,"column":18},"end":{"line":58,"column":3}},"line":56},"3":{"name":"(anonymous_3)","decl":{"start":{"line":62,"column":4},"end":{"line":62,"column":5}},"loc":{"start":{"line":63,"column":6},"end":{"line":64,"column":70}},"line":63},"4":{"name":"(anonymous_4)","decl":{"start":{"line":68,"column":36},"end":{"line":68,"column":37}},"loc":{"start":{"line":68,"column":48},"end":{"line":89,"column":3}},"line":68},"5":{"name":"(anonymous_5)","decl":{"start":{"line":92,"column":39},"end":{"line":92,"column":40}},"loc":{"start":{"line":92,"column":63},"end":{"line":95,"column":3}},"line":92},"6":{"name":"(anonymous_6)","decl":{"start":{"line":97,"column":39},"end":{"line":97,"column":40}},"loc":{"start":{"line":97,"column":51},"end":{"line":125,"column":3}},"line":97},"7":{"name":"(anonymous_7)","decl":{"start":{"line":136,"column":50},"end":{"line":136,"column":51}},"loc":{"start":{"line":136,"column":66},"end":{"line":139,"column":3}},"line":136},"8":{"name":"(anonymous_8)","decl":{"start":{"line":141,"column":39},"end":{"line":141,"column":40}},"loc":{"start":{"line":141,"column":45},"end":{"line":144,"column":3}},"line":141},"9":{"name":"(anonymous_9)","decl":{"start":{"line":150,"column":16},"end":{"line":150,"column":17}},"loc":{"start":{"line":150,"column":25},"end":{"line":150,"column":50}},"line":150},"10":{"name":"(anonymous_10)","decl":{"start":{"line":155,"column":16},"end":{"line":155,"column":17}},"loc":{"start":{"line":155,"column":25},"end":{"line":155,"column":49}},"line":155},"11":{"name":"(anonymous_11)","decl":{"start":{"line":160,"column":16},"end":{"line":160,"column":17}},"loc":{"start":{"line":160,"column":25},"end":{"line":160,"column":34}},"line":160},"12":{"name":"(anonymous_12)","decl":{"start":{"line":166,"column":16},"end":{"line":166,"column":17}},"loc":{"start":{"line":166,"column":25},"end":{"line":166,"column":45}},"line":166},"13":{"name":"(anonymous_13)","decl":{"start":{"line":171,"column":16},"end":{"line":171,"column":17}},"loc":{"start":{"line":171,"column":26},"end":{"line":171,"column":73}},"line":171},"14":{"name":"(anonymous_14)","decl":{"start":{"line":178,"column":12},"end":{"line":178,"column":13}},"loc":{"start":{"line":179,"column":8},"end":{"line":204,"column":11}},"line":179},"15":{"name":"(anonymous_15)","decl":{"start":{"line":186,"column":23},"end":{"line":186,"column":24}},"loc":{"start":{"line":186,"column":29},"end":{"line":186,"column":50}},"line":186},"16":{"name":"(anonymous_16)","decl":{"start":{"line":198,"column":23},"end":{"line":198,"column":24}},"loc":{"start":{"line":198,"column":29},"end":{"line":198,"column":64}},"line":198},"17":{"name":"(anonymous_17)","decl":{"start":{"line":217,"column":20},"end":{"line":217,"column":21}},"loc":{"start":{"line":217,"column":31},"end":{"line":217,"column":73}},"line":217},"18":{"name":"(anonymous_18)","decl":{"start":{"line":219,"column":50},"end":{"line":219,"column":51}},"loc":{"start":{"line":219,"column":56},"end":{"line":219,"column":77}},"line":219},"19":{"name":"(anonymous_19)","decl":{"start":{"line":241,"column":17},"end":{"line":241,"column":18}},"loc":{"start":{"line":241,"column":23},"end":{"line":241,"column":45}},"line":241},"20":{"name":"(anonymous_20)","decl":{"start":{"line":249,"column":20},"end":{"line":249,"column":21}},"loc":{"start":{"line":250,"column":12},"end":{"line":250,"column":72}},"line":250},"21":{"name":"(anonymous_21)","decl":{"start":{"line":258,"column":20},"end":{"line":258,"column":21}},"loc":{"start":{"line":259,"column":12},"end":{"line":259,"column":71}},"line":259},"22":{"name":"(anonymous_22)","decl":{"start":{"line":267,"column":20},"end":{"line":267,"column":21}},"loc":{"start":{"line":268,"column":12},"end":{"line":268,"column":68}},"line":268},"23":{"name":"(anonymous_23)","decl":{"start":{"line":276,"column":20},"end":{"line":276,"column":21}},"loc":{"start":{"line":277,"column":12},"end":{"line":277,"column":71}},"line":277},"24":{"name":"(anonymous_24)","decl":{"start":{"line":296,"column":17},"end":{"line":296,"column":18}},"loc":{"start":{"line":296,"column":23},"end":{"line":296,"column":48}},"line":296},"25":{"name":"(anonymous_25)","decl":{"start":{"line":304,"column":20},"end":{"line":304,"column":21}},"loc":{"start":{"line":305,"column":12},"end":{"line":308,"column":14}},"line":305},"26":{"name":"(anonymous_26)","decl":{"start":{"line":316,"column":20},"end":{"line":316,"column":21}},"loc":{"start":{"line":317,"column":12},"end":{"line":320,"column":14}},"line":317},"27":{"name":"(anonymous_27)","decl":{"start":{"line":328,"column":20},"end":{"line":328,"column":21}},"loc":{"start":{"line":329,"column":12},"end":{"line":332,"column":14}},"line":329},"28":{"name":"(anonymous_28)","decl":{"start":{"line":340,"column":20},"end":{"line":340,"column":21}},"loc":{"start":{"line":341,"column":12},"end":{"line":344,"column":14}},"line":341},"29":{"name":"(anonymous_29)","decl":{"start":{"line":356,"column":20},"end":{"line":356,"column":21}},"loc":{"start":{"line":357,"column":12},"end":{"line":360,"column":14}},"line":357},"30":{"name":"(anonymous_30)","decl":{"start":{"line":382,"column":17},"end":{"line":382,"column":18}},"loc":{"start":{"line":382,"column":23},"end":{"line":382,"column":48}},"line":382},"31":{"name":"(anonymous_31)","decl":{"start":{"line":394,"column":21},"end":{"line":394,"column":22}},"loc":{"start":{"line":394,"column":27},"end":{"line":394,"column":45}},"line":394},"32":{"name":"(anonymous_32)","decl":{"start":{"line":402,"column":21},"end":{"line":402,"column":22}},"loc":{"start":{"line":402,"column":27},"end":{"line":402,"column":52}},"line":402}},"branchMap":{"0":{"loc":{"start":{"line":63,"column":6},"end":{"line":64,"column":70}},"type":"binary-expr","locations":[{"start":{"line":63,"column":6},"end":{"line":63,"column":71}},{"start":{"line":64,"column":6},"end":{"line":64,"column":70}}],"line":63},"1":{"loc":{"start":{"line":77,"column":6},"end":{"line":80,"column":7}},"type":"if","locations":[{"start":{"line":77,"column":6},"end":{"line":80,"column":7}},{"start":{},"end":{}}],"line":77},"2":{"loc":{"start":{"line":114,"column":6},"end":{"line":116,"column":7}},"type":"if","locations":[{"start":{"line":114,"column":6},"end":{"line":116,"column":7}},{"start":{},"end":{}}],"line":114},"3":{"loc":{"start":{"line":171,"column":26},"end":{"line":171,"column":73}},"type":"cond-expr","locations":[{"start":{"line":171,"column":44},"end":{"line":171,"column":55}},{"start":{"line":171,"column":58},"end":{"line":171,"column":73}}],"line":171}},"s":{"0":15,"1":184,"2":221,"3":184,"4":184,"5":184,"6":184,"7":184,"8":184,"9":184,"10":184,"11":184,"12":184,"13":20,"14":184,"15":24,"16":184,"17":7,"18":7,"19":5,"20":3,"21":1,"22":0,"23":0,"24":0,"25":0,"26":7,"27":184,"28":2,"29":2,"30":184,"31":0,"32":0,"33":0,"34":0,"35":0,"36":0,"37":0,"38":0,"39":0,"40":0,"41":184,"42":1,"43":1,"44":184,"45":0,"46":0,"47":184,"48":21,"49":21,"50":21,"51":21,"52":21,"53":21,"54":2,"55":1,"56":184,"57":4,"58":8,"59":0,"60":57,"61":37,"62":28,"63":1,"64":0,"65":0,"66":0,"67":0,"68":0,"69":0,"70":0,"71":0,"72":0},"f":{"0":184,"1":221,"2":20,"3":24,"4":7,"5":2,"6":0,"7":1,"8":0,"9":21,"10":21,"11":21,"12":21,"13":21,"14":21,"15":2,"16":1,"17":4,"18":8,"19":0,"20":57,"21":37,"22":28,"23":1,"24":0,"25":0,"26":0,"27":0,"28":0,"29":0,"30":0,"31":0,"32":0},"b":{"0":[24,4],"1":[0,0],"2":[0,0],"3":[21,0]},"_coverageSchema":"1a1c01bbd47fc00a2c39e90264f33305004495a9","hash":"1b9a6f62354fc409675f9ce7b35325045c2fa51d"}
,"C:\\Users\\Jeffrey Bernadas\\Documents\\Web Development\\Collabera Training\\digital-streaming-system\\frontend\\src\\pages\\Actors.tsx": {"path":"C:\\Users\\Jeffrey Bernadas\\Documents\\Web Development\\Collabera Training\\digital-streaming-system\\frontend\\src\\pages\\Actors.tsx","statementMap":{"0":{"start":{"line":11,"column":15},"end":{"line":61,"column":1}},"1":{"start":{"line":12,"column":32},"end":{"line":12,"column":72}},"2":{"start":{"line":12,"column":60},"end":{"line":12,"column":71}},"3":{"start":{"line":13,"column":19},"end":{"line":13,"column":37}},"4":{"start":{"line":14,"column":36},"end":{"line":14,"column":56}},"5":{"start":{"line":15,"column":28},"end":{"line":15,"column":52}},"6":{"start":{"line":17,"column":2},"end":{"line":19,"column":17}},"7":{"start":{"line":18,"column":4},"end":{"line":18,"column":31}},"8":{"start":{"line":21,"column":28},"end":{"line":24,"column":27}},"9":{"start":{"line":22,"column":4},"end":{"line":22,"column":55}},"10":{"start":{"line":22,"column":33},"end":{"line":22,"column":55}},"11":{"start":{"line":23,"column":4},"end":{"line":23,"column":45}},"12":{"start":{"line":25,"column":2},"end":{"line":60,"column":4}},"13":{"start":{"line":35,"column":29},"end":{"line":35,"column":57}},"14":{"start":{"line":37,"column":33},"end":{"line":37,"column":52}},"15":{"start":{"line":50,"column":14},"end":{"line":54,"column":16}}},"fnMap":{"0":{"name":"(anonymous_0)","decl":{"start":{"line":11,"column":15},"end":{"line":11,"column":16}},"loc":{"start":{"line":11,"column":21},"end":{"line":61,"column":1}},"line":11},"1":{"name":"(anonymous_1)","decl":{"start":{"line":12,"column":49},"end":{"line":12,"column":50}},"loc":{"start":{"line":12,"column":60},"end":{"line":12,"column":71}},"line":12},"2":{"name":"(anonymous_2)","decl":{"start":{"line":17,"column":12},"end":{"line":17,"column":13}},"loc":{"start":{"line":17,"column":18},"end":{"line":19,"column":3}},"line":17},"3":{"name":"(anonymous_3)","decl":{"start":{"line":21,"column":40},"end":{"line":21,"column":41}},"loc":{"start":{"line":21,"column":46},"end":{"line":24,"column":3}},"line":21},"4":{"name":"(anonymous_4)","decl":{"start":{"line":35,"column":22},"end":{"line":35,"column":23}},"loc":{"start":{"line":35,"column":29},"end":{"line":35,"column":57}},"line":35},"5":{"name":"(anonymous_5)","decl":{"start":{"line":37,"column":27},"end":{"line":37,"column":28}},"loc":{"start":{"line":37,"column":33},"end":{"line":37,"column":52}},"line":37},"6":{"name":"(anonymous_6)","decl":{"start":{"line":49,"column":24},"end":{"line":49,"column":25}},"loc":{"start":{"line":49,"column":35},"end":{"line":55,"column":13}},"line":49}},"branchMap":{"0":{"loc":{"start":{"line":22,"column":4},"end":{"line":22,"column":55}},"type":"if","locations":[{"start":{"line":22,"column":4},"end":{"line":22,"column":55}},{"start":{},"end":{}}],"line":22},"1":{"loc":{"start":{"line":33,"column":19},"end":{"line":33,"column":73}},"type":"binary-expr","locations":[{"start":{"line":33,"column":19},"end":{"line":33,"column":42}},{"start":{"line":33,"column":46},"end":{"line":33,"column":51}},{"start":{"line":33,"column":55},"end":{"line":33,"column":73}}],"line":33},"2":{"loc":{"start":{"line":41,"column":11},"end":{"line":47,"column":11}},"type":"cond-expr","locations":[{"start":{"line":42,"column":12},"end":{"line":42,"column":57}},{"start":{"line":44,"column":12},"end":{"line":46,"column":13}}],"line":41},"3":{"loc":{"start":{"line":44,"column":12},"end":{"line":46,"column":13}},"type":"binary-expr","locations":[{"start":{"line":44,"column":12},"end":{"line":44,"column":30}},{"start":{"line":45,"column":14},"end":{"line":45,"column":77}}],"line":44},"4":{"loc":{"start":{"line":51,"column":16},"end":{"line":53,"column":17}},"type":"binary-expr","locations":[{"start":{"line":51,"column":16},"end":{"line":51,"column":26}},{"start":{"line":52,"column":18},"end":{"line":52,"column":80}}],"line":51}},"s":{"0":8,"1":33,"2":46,"3":33,"4":33,"5":33,"6":33,"7":8,"8":33,"9":2,"10":1,"11":1,"12":33,"13":11,"14":2,"15":28},"f":{"0":33,"1":46,"2":8,"3":2,"4":11,"5":2,"6":28},"b":{"0":[1,1],"1":[33,21,1],"2":[16,17],"3":[17,8],"4":[28,25]},"_coverageSchema":"1a1c01bbd47fc00a2c39e90264f33305004495a9","hash":"49f9422ddf0262ac201203d0b15e99cf6a7bb3e2"}
,"C:\\Users\\Jeffrey Bernadas\\Documents\\Web Development\\Collabera Training\\digital-streaming-system\\frontend\\src\\pages\\Auth.tsx": {"path":"C:\\Users\\Jeffrey Bernadas\\Documents\\Web Development\\Collabera Training\\digital-streaming-system\\frontend\\src\\pages\\Auth.tsx","statementMap":{"0":{"start":{"line":33,"column":13},"end":{"line":196,"column":1}},"1":{"start":{"line":34,"column":22},"end":{"line":34,"column":41}},"2":{"start":{"line":35,"column":24},"end":{"line":35,"column":63}},"3":{"start":{"line":35,"column":52},"end":{"line":35,"column":62}},"4":{"start":{"line":36,"column":19},"end":{"line":36,"column":37}},"5":{"start":{"line":37,"column":38},"end":{"line":42,"column":21}},"6":{"start":{"line":44,"column":25},"end":{"line":44,"column":57}},"7":{"start":{"line":47,"column":23},"end":{"line":102,"column":3}},"8":{"start":{"line":48,"column":4},"end":{"line":48,"column":23}},"9":{"start":{"line":49,"column":4},"end":{"line":101,"column":5}},"10":{"start":{"line":50,"column":6},"end":{"line":80,"column":7}},"11":{"start":{"line":52,"column":8},"end":{"line":52,"column":51}},"12":{"start":{"line":53,"column":8},"end":{"line":53,"column":49}},"13":{"start":{"line":54,"column":8},"end":{"line":54,"column":39}},"14":{"start":{"line":55,"column":8},"end":{"line":55,"column":52}},"15":{"start":{"line":57,"column":44},"end":{"line":62,"column":9}},"16":{"start":{"line":64,"column":39},"end":{"line":64,"column":77}},"17":{"start":{"line":65,"column":8},"end":{"line":72,"column":9}},"18":{"start":{"line":66,"column":10},"end":{"line":71,"column":13}},"19":{"start":{"line":74,"column":8},"end":{"line":79,"column":11}},"20":{"start":{"line":82,"column":6},"end":{"line":100,"column":7}},"21":{"start":{"line":84,"column":8},"end":{"line":84,"column":39}},"22":{"start":{"line":85,"column":8},"end":{"line":85,"column":52}},"23":{"start":{"line":87,"column":8},"end":{"line":92,"column":10}},"24":{"start":{"line":94,"column":8},"end":{"line":99,"column":11}},"25":{"start":{"line":105,"column":2},"end":{"line":105,"column":47}},"26":{"start":{"line":105,"column":20},"end":{"line":105,"column":47}},"27":{"start":{"line":107,"column":2},"end":{"line":195,"column":4}},"28":{"start":{"line":121,"column":18},"end":{"line":124,"column":20}},"29":{"start":{"line":136,"column":18},"end":{"line":139,"column":20}},"30":{"start":{"line":150,"column":16},"end":{"line":153,"column":18}},"31":{"start":{"line":163,"column":16},"end":{"line":166,"column":18}},"32":{"start":{"line":177,"column":29},"end":{"line":177,"column":37}}},"fnMap":{"0":{"name":"(anonymous_0)","decl":{"start":{"line":33,"column":13},"end":{"line":33,"column":14}},"loc":{"start":{"line":33,"column":19},"end":{"line":196,"column":1}},"line":33},"1":{"name":"(anonymous_1)","decl":{"start":{"line":35,"column":41},"end":{"line":35,"column":42}},"loc":{"start":{"line":35,"column":52},"end":{"line":35,"column":62}},"line":35},"2":{"name":"(anonymous_2)","decl":{"start":{"line":47,"column":23},"end":{"line":47,"column":24}},"loc":{"start":{"line":47,"column":64},"end":{"line":102,"column":3}},"line":47},"3":{"name":"(anonymous_3)","decl":{"start":{"line":120,"column":26},"end":{"line":120,"column":27}},"loc":{"start":{"line":121,"column":18},"end":{"line":124,"column":20}},"line":121},"4":{"name":"(anonymous_4)","decl":{"start":{"line":135,"column":26},"end":{"line":135,"column":27}},"loc":{"start":{"line":136,"column":18},"end":{"line":139,"column":20}},"line":136},"5":{"name":"(anonymous_5)","decl":{"start":{"line":149,"column":24},"end":{"line":149,"column":25}},"loc":{"start":{"line":150,"column":16},"end":{"line":153,"column":18}},"line":150},"6":{"name":"(anonymous_6)","decl":{"start":{"line":162,"column":24},"end":{"line":162,"column":25}},"loc":{"start":{"line":163,"column":16},"end":{"line":166,"column":18}},"line":163},"7":{"name":"(anonymous_7)","decl":{"start":{"line":177,"column":23},"end":{"line":177,"column":24}},"loc":{"start":{"line":177,"column":29},"end":{"line":177,"column":37}},"line":177}},"branchMap":{"0":{"loc":{"start":{"line":49,"column":4},"end":{"line":101,"column":5}},"type":"if","locations":[{"start":{"line":49,"column":4},"end":{"line":101,"column":5}},{"start":{"line":81,"column":11},"end":{"line
[...]
elopment\\Collabera Training\\digital-streaming-system\\frontend\\src\\pages\\Dashboard.tsx": {"path":"C:\\Users\\Jeffrey Bernadas\\Documents\\Web Development\\Collabera Training\\digital-streaming-system\\frontend\\src\\pages\\Dashboard.tsx","statementMap":{"0":{"start":{"line":17,"column":18},"end":{"line":70,"column":1}},"1":{"start":{"line":18,"column":26},"end":{"line":18,"column":50}},"2":{"start":{"line":19,"column":30},"end":{"line":19,"column":51}},"3":{"start":{"line":20,"column":19},"end":{"line":25,"column":3}},"4":{"start":{"line":26,"column":2},"end":{"line":69,"column":4}},"5":{"start":{"line":36,"column":14},"end":{"line":53,"column":18}},"6":{"start":{"line":43,"column":18},"end":{"line":43,"column":41}},"7":{"start":{"line":44,"column":18},"end":{"line":44,"column":40}}},"fnMap":{"0":{"name":"(anonymous_0)","decl":{"start":{"line":17,"column":18},"end":{"line":17,"column":19}},"loc":{"start":{"line":17,"column":24},"end":{"line":70,"column":1}},"line":17},"1":{"name":"(anonymous_1)","decl":{"start":{"line":35,"column":26},"end":{"line":35,"column":27}},"loc":{"start":{"line":36,"column":14},"end":{"line":53,"column":18}},"line":36},"2":{"name":"(anonymous_2)","decl":{"start":{"line":42,"column":25},"end":{"line":42,"column":26}},"loc":{"start":{"line":42,"column":36},"end":{"line":45,"column":17}},"line":42}},"branchMap":{"0":{"loc":{"start":{"line":60,"column":9},"end":{"line":60,"column":73}},"type":"binary-expr","locations":[{"start":{"line":60,"column":10},"end":{"line":60,"column":28}},{"start":{"line":60,"column":32},"end":{"line":60,"column":54}},{"start":{"line":60,"column":59},"end":{"line":60,"column":73}}],"line":60},"1":{"loc":{"start":{"line":61,"column":9},"end":{"line":61,"column":75}},"type":"binary-expr","locations":[{"start":{"line":61,"column":10},"end":{"line":61,"column":29}},{"start":{"line":61,"column":33},"end":{"line":61,"column":55}},{"start":{"line":61,"column":60},"end":{"line":61,"column":75}}],"line":61},"2":{"loc":{"start":{"line":62,"column":9},"end":{"line":66,"column":9}},"type":"binary-expr","locations":[{"start":{"line":62,"column":10},"end":{"line":62,"column":29}},{"start":{"line":62,"column":33},"end":{"line":62,"column":55}},{"start":{"line":63,"column":10},"end":{"line":65,"column":13}}],"line":62}},"s":{"0":8,"1":9,"2":9,"3":9,"4":9,"5":36,"6":4,"7":4},"f":{"0":9,"1":36,"2":4},"b":{"0":[9,8,7],"1":[9,8,7],"2":[9,8,7]},"_coverageSchema":"1a1c01bbd47fc00a2c39e90264f33305004495a9","hash":"93c5f7c52621e7c93d8b61e3a40cc89b7b39e011"}
,"C:\\Users\\Jeffrey Bernadas\\Documents\\Web Development\\Collabera Training\\digital-streaming-system\\frontend\\src\\pages\\Home.tsx": {"path":"C:\\Users\\Jeffrey Bernadas\\Documents\\Web Development\\Collabera Training\\digital-streaming-system\\frontend\\src\\pages\\Home.tsx","statementMap":{"0":{"start":{"line":3,"column":13},"end":{"line":10,"column":1}},"1":{"start":{"line":4,"column":2},"end":{"line":9,"column":4}}},"fnMap":{"0":{"name":"(anonymous_0)","decl":{"start":{"line":3,"column":13},"end":{"line":3,"column":14}},"loc":{"start":{"line":3,"column":19},"end":{"line":10,"column":1}},"line":3}},"branchMap":{},"s":{"0":8,"1":4},"f":{"0":4},"b":{},"_coverageSchema":"1a1c01bbd47fc00a2c39e90264f33305004495a9","hash":"49f6e20d5a54871f39827bad35c71860848495bc"}
,"C:\\Users\\Jeffrey Bernadas\\Documents\\Web Development\\Collabera Training\\digital-streaming-system\\frontend\\src\\pages\\IndividualActor.tsx": {"path":"C:\\Users\\Jeffrey Bernadas\\Documents\\Web Development\\Collabera Training\\digital-streaming-system\\frontend\\src\\pages\\IndividualActor.tsx","statementMap":{"0":{"start":{"line":9,"column":24},"end":{"line":93,"column":1}},"1":{"start":{"line":10,"column":39},"end":{"line":10,"column":79}},"2":{"start":{"line":10,"column":67},"end":{"line":10,"column":78}},"3":{"start":{"line":11,"column":19},"end":{"line":11,"column":37}},"4":{"start":{"line":12,"column":17},"end":{"line":12,"column":28}},"5":{"start":{"line":13,"column":19},"end":{"line":13,"column":32}},"6":{"start":{"line":14,"column":24},"end":{"line":14,"column":78}},"7":{"start":{"line":16,"column":4},"end":{"line":16,"column":76}},"8":{"start":{"line":17,"column":2},"end":{"line":21,"column":31}},"9":{"start":{"line":18,"column":4},"end":{"line":20,"column":7}},"10":{"start":{"line":19,"column":6},"end":{"line":19,"column":41}},"11":{"start":{"line":19,"column":21},"end":{"line":19,"column":41}},"12":{"start":{"line":23,"column":2},"end":{"line":92,"column":4}},"13":{"start":{"line":77,"column":24},"end":{"line":81,"column":26}}},"fnMap":{"0":{"name":"(anonymous_0)","decl":{"start":{"line":9,"column":24},"end":{"line":9,"column":25}},"loc":{"start":{"line":9,"column":30},"end":{"line":93,"column":1}},"line":9},"1":{"name":"(anonymous_1)","decl":{"start":{"line":10,"column":56},"end":{"line":10,"column":57}},"loc":{"start":{"line":10,"column":67},"end":{"line":10,"column":78}},"line":10},"2":{"name":"(anonymous_2)","decl":{"start":{"line":17,"column":12},"end":{"line":17,"column":13}},"loc":{"start":{"line":17,"column":18},"end":{"line":21,"column":3}},"line":17},"3":{"name":"(anonymous_3)","decl":{"start":{"line":18,"column":48},"end":{"line":18,"column":49}},"loc":{"start":{"line":18,"column":76},"end":{"line":20,"column":5}},"line":18},"4":{"name":"(anonymous_4)","decl":{"start":{"line":76,"column":56},"end":{"line":76,"column":57}},"loc":{"start":{"line":76,"column":75},"end":{"line":82,"column":23}},"line":76}},"branchMap":{"0":{"loc":{"start":{"line":16,"column":4},"end":{"line":16,"column":76}},"type":"binary-expr","locations":[{"start":{"line":16,"column":4},"end":{"line":16,"column":22}},{"start":{"line":16,"column":26},"end":{"line":16,"column":76}}],"line":16},"1":{"loc":{"start":{"line":19,"column":6},"end":{"line":19,"column":41}},"type":"if","locations":[{"start":{"line":19,"column":6},"end":{"line":19,"column":41}},{"start":{},"end":{}}],"line":19},"2":{"loc":{"start":{"line":27,"column":11},"end":{"line":88,"column":11}},"type":"cond-expr","locations":[{"start":{"line":28,"column":12},"end":{"line":28,"column":57}},{"start":{"line":30,"column":12},"end":{"line":87,"column":15}}],"line":27},"3":{"loc":{"start":{"line":62,"column":17},"end":{"line":66,"column":17}},"type":"binary-expr","locations":[{"start":{"line":62,"column":17},"end":{"line":62,"column":44}},{"start":{"line":63,"column":18},"end":{"line":65,"column":23}}],"line":62},"4":{"loc":{"start":{"line":67,"column":17},"end":{"line":85,"column":17}},"type":"binary-expr","locations":[{"start":{"line":67,"column":17},"end":{"line":67,"column":44}},{"start":{"line":68,"column":18},"end":{"line":84,"column":24}}],"line":67}},"s":{"0":8,"1":8,"2":13,"3":8,"4":8,"5":8,"6":8,"7":8,"8":8,"9":3,"10":3,"11":0,"12":8,"13":4},"f":{"0":8,"1":13,"2":3,"3":3,"4":4},"b":{"0":[8,6],"1":[0,3],"2":[3,5],"3":[5,3],"4":[5,2]},"_coverageSchema":"1a1c01bbd47fc00a2c39e90264f33305004495a9","hash":"2954e5d488f8e09916b069682e25e73733ca5dd0"}
,"C:\\Users\\Jeffrey Bernadas\\Documents\\Web Development\\Collabera Training\\digital-streaming-system\\frontend\\src\\pages\\IndividualMovie.tsx": {"path":"C:\\Users\\Jeffrey Bernadas\\Documents\\Web Development\\Collabera Training\\digital-streaming-system\\frontend\\src\\pages\\IndividualMovie.tsx","statementMap":{"0":{"start":{"line":11,"column":24},"end":{"line":163,"column":1}},"1":{"start":{"line":12,"column":23},"end":{"line":12,"column":62}},"2":{"start":{"line":12,"column":51},"end":{"line":12,"column":61}},"3":{"start":{"line":13,"column":39},"end":{"line":13,"column":79}},"4":{"start":{"line":13,"column":67},"end":{"line":13,"column":78}},"5":{"start":{"line":14,"column":19},"end":{"line":14,"column":37}},"6":{"start":{"line":15,"column":17},"end":{"line":15,"column":28}},"7":{"start":{"line":16,"column":19},"end":{"line":16,"column":32}},"8":{"start":{"line":17,"column":44},"end":{"line":17,"column":64}},"9":{"start":{"line":18,"column":42},"end":{"line":18,"column":61}},"10":{"start":{"line":19,"column":28},"end":{"line":19,"column":52}},"11":{"start":{"line":21,"column":2},"end":{"line":25,"column":31}},"12":{"start":{"line":22,"column":4},"end":{"line":24,"column":7}},"13":{"start":{"line":23,"column":6},"end":{"line":23,"column":41}},"14":{"start":{"line":23,"column":21},"end":{"line":23,"column":41}},"15":{"start":{"line":27,"column":34},"end":{"line":36,"column":49}},"16":{"start":{"line":28,"column":4},"end":{"line":28,"column":59}},"17":{"start":{"line":28,"column":37},"end":{"line":28,"column":59}},"18":{"start":{"line":29,"column":23},"end":{"line":33,"column":5}},"19":{"start":{"line":34,"column":35},"end":{"line":34,"column":78}},"20":{"start":{"line":35,"column":4},"end":{"line":35,"column":41}},"21":{"start":{"line":35,"column":20},"end":{"line":35,"column":41}},"22":{"start":{"line":38,"column":26},"end":{"line":40,"column":4}},"23":{"start":{"line":39,"column":4},"end":{"line":39,"column":29}},"24":{"start":{"line":42,"column":2},"end":{"line":162,"column":4}},"25":{"start":{"line":95,"column":20},"end":{"line":99,"column":22}},"26":{"start":{"line":129,"column":33},"end":{"line":129,"column":65}},"27":{"start":{"line":138,"column":37},"end":{"line":138,"column":59}},"28":{"start":{"line":155,"column":16},"end":{"line":155,"column":70}}},"fnMap":{"0":{"name":"(anonymous_0)","decl":{"start":{"line":11,"column":24},"end":{"line":11,"column":25}},"loc":{"start":{"line":11,"column":30},"end":{"line":163,"column":1}},"line":11},"1":{"name":"(anonymous_1)","decl":{"start":{"line":12,"column":40},"end":{"line":12,"column":41}},"loc":{"start":{"line":12,"column":51},"end":{"line":12,"column":61}},"line":12},"2":{"name":"(anonymous_2)","decl":{"start":{"line":13,"column":56},"end":{"line":13,"column":57}},"loc":{"start":{"line":13,"column":67},"end":{"line":13,"column":78}},"line":13},"3":{"name":"(anonymous_3)","decl":{"start":{"line":21,"column":12},"end":{"line":21,"column":13}},"loc":{"start":{"line":21,"column":18},"end":{"line":25,"column":3}},"line":21},"4":{"name":"(anonymous_4)","decl":{"start":{"line":22,"column":48},"end":{"line":22,"column":49}},"loc":{"start":{"line":22,"column":76},"end":{"line":24,"column":5}},"line":22},"5":{"name":"(anonymous_5)","decl":{"start":{"line":27,"column":46},"end":{"line":27,"column":47}},"loc":{"start":{"line":27,"column":58},"end":{"line":36,"column":3}},"line":27},"6":{"name":"(anonymous_6)","decl":{"start":{"line":38,"column":62},"end":{"line":38,"column":63}},"loc":{"start":{"line":38,"column":74},"end":{"line":40,"column":3}},"line":38},"7":{"name":"(anonymous_7)","decl":{"start":{"line":94,"column":52},"end":{"line":94,"column":53}},"loc":{"start":{"line":94,"column":63},"end":{"line":100,"column":19}},"line":94},"8":{"name":"(anonymous_8)","decl":{"start":{"line":129,"column":26},"end":{"line":129,"column":27}},"loc":{"start":{"line":129,"column":33},"end":{"line":129,"column":65}},"line":129},"9":{"name":"(anonymous_9)","decl":{"start":{"line":138,"column":26},"end":{"line":138,"column":27}},"loc":{"start":{"line":138,"column":37},"end":{"line":138,"column":59}},"line":138},"10":{"name":"(anonymous_10)","decl":{"start":{"line":154,"column":36},"end":{"line":154,"column":37}},"loc":{"start":{"line":154,"column":48},"end":{"line":156,"column":15}},"line":154}},"branchMap":{"0":{"loc":{"start":{"line":23,"column":6},"end":{"line":23,"column":41}},"type":"if","locations":[{"start":{"line":23,"column":6},"end":{"line":23,"column":41}},{"start":{},"end":{}}],"line":23},"1":{"loc":{"start":{"line":28,"column":4},"end":{"line":28,"column":59}},"type":"if","locations":[{"start":{"line":28,"column":4},"end":{"line":28,"column":59}},{"start":{},"end":{}}],"line":28},"2":{"loc":{"start":{"line":35,"column":4},"end":{"line":35,"column":41}},"type":"if","locations":[{"start":{"line":35,"column":4},"end":{"line":35,"column":41}},{"start":{},"end":{}}],"line":35},"3":{"loc":{"start":{"line":46,"column":11},"end":{"line":75,"column":11}},"type":"cond-expr","locations":[{"start":{"line":47,"column":12},"end":{"line":47,"column":57}},{"start":{"line":49,"column":12},"end":{"line":74,"column":18}}],"line":46},"4":{"loc":{"start":{"line":78,"column":13},"end":{"line":84,"column":16}},"type":"binary-expr","locations":[{"start":{"line":78,"column":14},"end":{"line":78,"column":41}},{"start":{"line":79,"column":14},"end":{"line":79,"column":53}},{"start":{"line":80,"column":15},"end":{"line":80,"column":43}},{"start":{"line":81,"column":16},"end":{"line":83,"column":21}}],"line":78},"5":{"loc":{"start":{"line":85,"column":13},"end":{"line":103,"column":13}},"type":"binary-expr","locations":[{"start":{"line":85,"column":13},"end":{"line":85,"column":40}},{"start":{"line":86,"column":14},"end":{"line":102,"column":20}}],"line":85},"6":{"loc":{"start":{"line":107,"column":13},"end":{"line":112,"column":13}},"type":"binary-expr","locations":[{"start":{"line":107,"column":15},"end":{"line":107,"column":30}},{"start":{"line":107,"column":34},"end":{"line":107,"column":62}},{"start":{"line":108,"column":14},"end":{"line":108,"column":30}},{"start":{"line":109,"column":14},"end":{"line":111,"column":19}}],"line":107},"7":{"loc":{"start":{"line":131,"column":18},"end":{"line":133,"column":45}},"type":"binary-expr","locations":[{"start":{"line":131,"column":18},"end":{"line":131,"column":45}},{"start":{"line":132,"column":18},"end":{"line":132,"column":23}},{"start":{"line":133,"column":18},"end":{"line":133,"column":45}}],"line":131},"8":{"loc":{"start":{"line":143,"column":18},"end":{"line":143,"column":47}},"type":"binary-expr","locations":[{"start":{"line":143,"column":18},"end":{"line":143,"column":27}},{"start":{"line":143,"column":31},"end":{"line":143,"column":47}}],"line":143},"9":{"loc":{"start":{"line":150,"column":17},"end":{"line":150,"column":78}},"type":"cond-expr","locations":[{"start":{"line":150,"column":29},"end":{"line":150,"column":60}},{"start":{"line":150,"column":63},"end":{"line":150,"column":78}}],"line":150}},"s":{"0":8,"1":69,"2":90,"3":69,"4":90,"5":69,"6":69,"7":69,"8":69,"9":69,"10":69,"11":69,"12":9,"13":9,"14":0,"15":69,"16":3,"17":1,"18":2,"19":2,"20":2,"21":1,"22":69,"23":51,"24":69,"25":102,"26":37,"27":0,"28":51},"f":{"0":69,"1":90,"2":90,"3":9,"4":9,"5":3,"6":51,"7":102,"8":37,"9":0,"10":51},"b":{"0":[0,9],"1":[1,2],"2":[1,1],"3":[11,58],"4":[69,51,69,18],"5":[69,51],"6":[69,51,69,18],"7":[69,29,1],"8":[69,14],"9":[14,55]},"_coverageSchema":"1a1c01bbd47fc00a2c39e90264f33305004495a9","hash":"32d1814a78a48f38c66fc7be5dff01861cdfed9f"}
,"C:\\Users\\Jeffrey Bernadas\\Documents\\Web Development\\Collabera Training\\digital-streaming-system\\frontend\\src\\pages\\Movies.tsx": {"path":"C:\\Users\\Jeffrey Bernadas\\Documents\\Web Development\\Collabera Training\\digital-streaming-system\\frontend\\src\\pages\\Movies.tsx","statementMap":{"0":{"start":{"line":11,"column":15},"end":{"line":58,"column":1}},"1":{"start":{"line":12,"column":32},"end":{"line":12,"column":72}},"2":{"start":{"line":12,"column":60},"end":{"line":12,"column":71}},"3":{"start":{"line":13,"column":19},"end":{"line":13,"column":37}},"4":{"start":{"line":14,"column":36},"end":{"line":14,"column":56}},"5":{"start":{"line":15,"column":28},"end":{"line":15,"column":52}},"6":{"start":{"line":17,"column":2},"end":{"line":19,"column":17}},"7":{"start":{"line":18,"column":4},"end":{"line":18,"column":31}},"8":{"start":{"line":21,"column":28},"end":{"line":24,"column":27}},"9":{"start":{"line":22,"column":4},"end":{"line":22,"column":55}},"10":{"start":{"line":22,"column":33},"end":{"line":22,"column":55}},"11":{"start":{"line":23,"column":4},"end":{"line":23,"column":45}},"12":{"start":{"line":26,"column":2},"end":{"line":57,"column":4}},"13":{"start":{"line":36,"column":29},"end":{"line":36,"column":57}},"14":{"start":{"line":38,"column":33},"end":{"line":38,"column":52}},"15":{"start":{"line":51,"column":14},"end":{"line":51,"column":78}}},"fnMap":{"0":{"name":"(anonymous_0)","decl":{"start":{"line":11,"column":15},"end":{"line":11,"column":16}},"loc":{"start":{"line":11,"column":21},"end":{"line":58,"column":1}},"line":11},"1":{"name":"(anonymous_1)","decl":{"start":{"line":12,"column":49},"end":{"line":12,"column":50}},"loc":{"start":{"line":12,"column":60},"end":{"line":12,"column":71}},"line":12},"2":{"name":"(anonymous_2)","decl":{"start":{"line":17,"column":12},"end":{"line":17,"column":13}},"loc":{"start":{"line":17,"column":18},"end":{"line":19,"column":3}},"line":17},"3":{"name":"(anonymous_3)","decl":{"start":{"line":21,"column":40},"end":{"line":21,"column":41}},"loc":{"start":{"line":21,"column":46},"end":{"line":24,"column":3}},"line":21},"4":{"name":"(anonymous_4)","decl":{"start":{"line":36,"column":22},"end":{"line":36,"column":23}},"loc":{"start":{"line":36,"column":29},"end":{"line":36,"column":57}},"line":36},"5":{"name":"(anonymous_5)","decl":{"start":{"line":38,"column":27},"end":{"line":38,"column":28}},"loc":{"start":{"line":38,"column":33},"end":{"line":38,"column":52}},"line":38},"6":{"name":"(anonymous_6)","decl":{"start":{"line":50,"column":24},"end":{"line":50,"column":25}},"loc":{"start":{"line":50,"column":35},"end":{"line":52,"column":13}},"line":50}},"branchMap":{"0":{"loc":{"start":{"line":22,"column":4},"end":{"line":22,"column":55}},"type":"if","locations":[{"start":{"line":22,"column":4},"end":{"line":22,"column":55}},{"start":{},"end":{}}],"line":22},"1":{"loc":{"start":{"line":34,"column":19},"end":{"line":34,"column":73}},"type":"binary-expr","locations":[{"start":{"line":34,"column":19},"end":{"line":34,"column":42}},{"start":{"line":34,"column":46},"end":{"line":34,"column":51}},{"start":{"line":34,"column":55},"end":{"line":34,"column":73}}],"line":34},"2":{"loc":{"start":{"line":42,"column":11},"end":{"line":48,"column":11}},"type":"cond-expr","locations":[{"start":{"line":43,"column":12},"end":{"line":43,"column":57}},{"start":{"line":45,"column":12},"end":{"line":47,"column":13}}],"line":42},"3":{"loc":{"start":{"line":45,"column":12},"end":{"line":47,"column":13}},"type":"binary-expr","locations":[{"start":{"line":45,"column":12},"end":{"line":45,"column":30}},{"start":{"line":46,"column":14},"end":{"line":46,"column":77}}],"line":45},"4":{"loc":{"start":{"line":51,"column":21},"end":{"line":51,"column":77}},"type":"binary-expr","locations":[{"start":{"line":51,"column":21},"end":{"line":51,"column":31}},{"start":{"line":51,"column":35},"end":{"line":51,"column":77}}],"line":51}},"s":{"0":8,"1":36,"2":49,"3":36,"4":36,"5":36,"6":36,"7":8,"8":36,"9":2,"10":1,"11":1,"12":36,"13":14,"14":2,"15":43},"f":{"0":36,"1":49,"2":8,"3":2,"4":14,"5":2,"6":43},"b":{"0":[1,1],"1":[36,21,1],"2":[20,16],"3":[16,8],"4":[43,38]},"_coverageSchema":"1a1c01bbd47fc00a2c39e90264f33305004495a9","hash":"ecf0e03f6995424d8ebd7354bd9a71dcdb9ecf4f"}
,"C:\\Users\\Jeffrey Bernadas\\Documents\\Web Development\\Collabera Training\\digital-streaming-system\\frontend\\src\\pages\\Page404.tsx": {"path":"C:\\Users\\Jeffrey Bernadas\\Documents\\Web Development\\Collabera Training\\digital-streaming-system\\frontend\\src\\pages\\Page404.tsx","statementMap":{"0":{"start":{"line":5,"column":16},"end":{"line":30,"column":1}},"1":{"start":{"line":6,"column":22},"end":{"line":6,"column":40}},"2":{"start":{"line":7,"column":17},"end":{"line":7,"column":30}},"3":{"start":{"line":8,"column":2},"end":{"line":29,"column":4}},"4":{"start":{"line":23,"column":56},"end":{"line":23,"column":69}}},"fnMap":{"0":{"name":"(anonymous_0)","decl":{"start":{"line":5,"column":16},"end":{"line":5,"column":17}},"loc":{"start":{"line":5,"column":22},"end":{"line":30,"column":1}},"line":5},"1":{"name":"(anonymous_1)","decl":{"start":{"line":23,"column":50},"end":{"line":23,"column":51}},"loc":{"start":{"line":23,"column":56},"end":{"line":23,"column":69}},"line":23}},"branchMap":{},"s":{"0":8,"1":5,"2":5,"3":5,"4":1},"f":{"0":5,"1":1},"b":{},"_coverageSchema":"1a1c01bbd47fc00a2c39e90264f33305004495a9","hash":"d892f309ecc1b7bfd22c3e7f758494e75fe6a8f6"}
}
