TN:
SF:src\components\ActorCard\ActorCard.tsx
FN:10,(anonymous_0)
FNF:1
FNH:1
FNDA:130,(anonymous_0)
DA:10,15
DA:11,130
LF:2
LH:2
BRDA:18,0,0,130
BRDA:18,0,1,28
BRDA:19,1,0,28
BRDA:19,1,1,28
BRF:4
BRH:4
end_of_record
TN:
SF:src\components\Hero\Hero.tsx
FN:3,(anonymous_0)
FNF:1
FNH:1
FNDA:6,(anonymous_0)
DA:3,15
DA:4,6
LF:2
LH:2
BRF:0
BRH:0
end_of_record
TN:
SF:src\components\MovieCard\MovieCard.tsx
FN:12,(anonymous_0)
FNF:1
FNH:1
FNDA:56,(anonymous_0)
DA:12,15
DA:13,56
DA:15,56
LF:3
LH:3
BRF:0
BRH:0
end_of_record
TN:
SF:src\components\MoviesSection\MoviesSection.tsx
FN:7,(anonymous_0)
FN:8,(anonymous_1)
FN:11,(anonymous_2)
FN:36,(anonymous_3)
FNF:4
FNH:4
FNDA:18,(anonymous_0)
FNDA:28,(anonymous_1)
FNDA:8,(anonymous_2)
FNDA:10,(anonymous_3)
DA:7,15
DA:8,28
DA:9,18
DA:11,18
DA:12,8
DA:15,18
DA:37,10
LF:7
LH:7
BRDA:28,0,0,8
BRDA:28,0,1,10
BRDA:28,1,0,18
BRDA:28,1,1,8
BRDA:31,2,0,10
BRDA:31,2,1,8
BRF:6
BRH:6
end_of_record
TN:
SF:src\components\Navbar\Navbar.tsx
FN:8,(anonymous_0)
FN:9,(anonymous_1)
FN:26,(anonymous_2)
FN:38,(anonymous_3)
FNF:4
FNH:4
FNDA:5,(anonymous_0)
FNDA:10,(anonymous_1)
FNDA:1,(anonymous_2)
FNDA:15,(anonymous_3)
DA:8,15
DA:9,10
DA:10,5
DA:11,5
DA:26,5
DA:27,1
DA:30,5
DA:39,15
LF:8
LH:8
BRDA:45,0,0,5
BRDA:45,0,1,2
BRDA:52,1,0,2
BRDA:52,1,1,3
BRF:4
BRH:4
end_of_record
TN:
SF:src\components\Rating\Rating.tsx
FN:7,(anonymous_0)
FNF:1
FNH:1
FNDA:168,(anonymous_0)
DA:7,15
DA:8,168
LF:2
LH:2
BRF:0
BRH:0
end_of_record
TN:
SF:src\components\ReviewCard\ReviewCard.tsx
FN:11,(anonymous_0)
FNF:1
FNH:1
FNDA:54,(anonymous_0)
DA:11,15
DA:12,54
DA:13,54
LF:3
LH:3
BRF:0
BRH:0
end_of_record
TN:
SF:src\components\Tables\TableActors.tsx
FN:30,(anonymous_0)
FN:31,(anonymous_1)
FN:59,(anonymous_2)
FN:65,(anonymous_3)
FN:71,(anonymous_4)
FN:106,(anonymous_5)
FN:111,(anonymous_6)
FN:162,(anonymous_7)
FN:167,(anonymous_8)
FN:176,(anonymous_9)
FN:181,(anonymous_10)
FN:186,(anonymous_11)
FN:192,(anonymous_12)
FN:197,(anonymous_13)
FN:210,(anonymous_14)
FN:217,(anonymous_15)
FN:228,(anonymous_16)
FN:239,(anonymous_17)
FN:257,(anonymous_18)
FN:259,(anonymous_19)
FN:280,(anonymous_20)
FN:288,(anonymous_21)
FN:297,(anonymous_22)
FN:306,(anonymous_23)
FN:316,(anonymous_24)
FN:324,(anonymous_25)
FN:333,(anonymous_26)
FN:359,(anonymous_27)
FN:367,(anonymous_28)
FN:379,(anonymous_29)
FN:391,(anonymous_30)
FN:401,(anonymous_31)
FN:413,(anonymous_32)
FN:424,(anonymous_33)
FN:450,(anonymous_34)
FN:462,(anonymous_35)
FN:470,(anonymous_36)
FNF:37
FNH:3
FNDA:13,(anonymous_0)
FNDA:31,(anonymous_1)
FNDA:6,(anonymous_2)
FNDA:0,(anonymous_3)
FNDA:0,(anonymous_4)
FNDA:0,(anonymous_5)
FNDA:0,(anonymous_6)
FNDA:0,(anonymous_7)
FNDA:0,(anonymous_8)
FNDA:0,(anonymous_9)
FNDA:0,(anonymous_10)
FNDA:0,(anonymous_11)
FNDA:0,(anonymous_12)
FNDA:0,(anonymous_13)
FNDA:0,(anonymous_14)
FNDA:0,(anonymous_15)
FNDA:0,(anonymous_16)
FNDA:0,(anonymous_17)
FNDA:0,(anonymous_18)
FNDA:0,(anonymous_19)
FNDA:0,(anonymous_20)
FNDA:0,(anonymous_21)
FNDA:0,(anonymous_22)
FNDA:0,(anonymous_23)
FNDA:0,(anonymous_24)
FNDA:0,(anonymous_25)
FNDA:0,(anonymous_26)
FNDA:0,(anonymous_27)
FNDA:0,(anonymous_28)
FNDA:0,(anonymous_29)
FNDA:0,(anonymous_30)
FNDA:0,(anonymous_31)
FNDA:0,(anonymous_32)
FNDA:0,(anonymous_33)
FNDA:0,(anonymous_34)
FNDA:0,(anonymous_35)
FNDA:0,(anonymous_36)
DA:30,15
DA:31,31
DA:32,13
DA:33,13
DA:34,13
DA:37,13
DA:40,13
DA:41,13
DA:42,13
DA:45,13
DA:53,13
DA:56,13
DA:59,13
DA:60,6
DA:64,13
DA:66,0
DA:71,13
DA:72,0
DA:74,0
DA:75,0
DA:76,0
DA:77,0
DA:78,0
DA:79,0
DA:80,0
DA:81,0
DA:83,0
DA:84,0
DA:85,0
DA:86,0
DA:96,0
DA:106,13
DA:107,0
DA:108,0
DA:111,13
DA:112,0
DA:114,0
DA:115,0
DA:116,0
DA:120,0
DA:121,0
DA:122,0
DA:123,0
DA:124,0
DA:126,0
DA:136,0
DA:139,0
DA:140,0
DA:143,0
DA:162,13
DA:163,0
DA:164,0
DA:167,13
DA:168,0
DA:169,0
DA:173,13
DA:176,0
DA:181,0
DA:186,0
DA:192,0
DA:198,0
DA:211,0
DA:217,0
DA:228,0
DA:239,0
DA:250,13
DA:257,0
DA:259,0
DA:280,0
DA:289,0
DA:298,0
DA:307,0
DA:317,0
DA:325,0
DA:334,0
DA:359,0
DA:368,0
DA:380,0
DA:392,0
DA:402,0
DA:414,0
DA:425,0
DA:450,0
DA:462,0
DA:470,0
LF:85
LH:22
BRDA:66,0,0,0
BRDA:66,0,1,0
BRDA:76,1,0,0
BRDA:76,1,1,0
BRDA:76,2,0,0
BRDA:76,2,1,0
BRDA:78,3,0,0
BRDA:78,3,1,0
BRDA:78,4,0,0
BRDA:78,4,1,0
BRDA:84,5,0,0
BRDA:84,5,1,0
BRDA:116,6,0,0
BRDA:116,6,1,0
BRDA:117,7,0,0
BRDA:117,7,1,0
BRDA:121,8,0,0
BRDA:121,8,1,0
BRDA:121,9,0,0
BRDA:121,9,1,0
BRDA:139,10,0,0
BRDA:139,10,1,0
BRDA:198,11,0,0
BRDA:198,11,1,0
BRF:24
BRH:0
end_of_record
TN:
SF:src\components\Tables\TableMovies.tsx
FN:53,(anonymous_0)
FN:54,(anonymous_1)
FN:55,(anonymous_2)
FN:94,(anonymous_3)
FN:99,(anonymous_4)
FN:104,(anonymous_5)
FN:109,(anonymous_6)
FN:145,(anonymous_7)
FN:181,(anonymous_8)
FN:188,(anonymous_9)
FN:226,(anonymous_10)
FN:231,(anonymous_11)
FN:240,(anonymous_12)
FN:246,(anonymous_13)
FN:252,(anonymous_14)
FN:259,(anonymous_15)
FN:265,(anonymous_16)
FN:272,(anonymous_17)
FN:279,(anonymous_18)
FN:291,(anonymous_19)
FN:302,(anonymous_20)
FN:313,(anonymous_21)
FN:331,(anonymous_22)
FN:333,(anonymous_23)
FN:354,(anonymous_24)
FN:362,(anonymous_25)
FN:375,(anonymous_26)
FN:384,(anonymous_27)
FN:394,(anonymous_28)
FN:404,(anonymous_29)
FN:413,(anonymous_30)
FN:426,(anonymous_31)
FN:443,(anonymous_32)
FN:451,(anonymous_33)
FN:460,(anonymous_34)
FN:469,(anonymous_35)
FN:479,(anonymous_36)
FN:487,(anonymous_37)
FN:496,(anonymous_38)
FN:522,(anonymous_39)
FN:534,(anonymous_40)
FN:546,(anonymous_41)
FN:559,(anonymous_42)
FN:580,(anonymous_43)
FN:592,(anonymous_44)
FN:600,(anonymous_45)
FNF:46
FNH:4
FNDA:13,(anonymous_0)
FNDA:25,(anonymous_1)
FNDA:25,(anonymous_2)
FNDA:6,(anonymous_3)
FNDA:0,(anonymous_4)
FNDA:0,(anonymous_5)
FNDA:0,(anonymous_6)
FNDA:0,(anonymous_7)
FNDA:0,(anonymous_8)
FNDA:0,(anonymous_9)
FNDA:0,(anonymous_10)
FNDA:0,(anonymous_11)
FNDA:0,(anonymous_12)
FNDA:0,(anonymous_13)
FNDA:0,(anonymous_14)
FNDA:0,(anonymous_15)
FNDA:0,(anonymous_16)
FNDA:0,(anonymous_17)
FNDA:0,(anonymous_18)
FNDA:0,(anonymous_19)
FNDA:0,(anonymous_20)
FNDA:0,(anonymous_21)
FNDA:0,(anonymous_22)
FNDA:0,(anonymous_23)
FNDA:0,(anonymous_24)
FNDA:0,(anonymous_25)
FNDA:0,(anonymous_26)
FNDA:0,(anonymous_27)
FNDA:0,(anonymous_28)
FNDA:0,(anonymous_29)
FNDA:0,(anonymous_30)
FNDA:0,(anonymous_31)
FNDA:0,(anonymous_32)
FNDA:0,(anonymous_33)
FNDA:0,(anonymous_34)
FNDA:0,(anonymous_35)
FNDA:0,(anonymous_36)
FNDA:0,(anonymous_37)
FNDA:0,(anonymous_38)
FNDA:0,(anonymous_39)
FNDA:0,(anonymous_40)
FNDA:0,(anonymous_41)
FNDA:0,(anonymous_42)
FNDA:0,(anonymous_43)
FNDA:0,(anonymous_44)
FNDA:0,(anonymous_45)
DA:53,15
DA:54,25
DA:55,25
DA:56,13
DA:57,13
DA:58,13
DA:61,13
DA:63,13
DA:66,13
DA:67,13
DA:68,13
DA:69,13
DA:72,13
DA:80,13
DA:88,13
DA:91,13
DA:94,13
DA:95,6
DA:99,13
DA:100,0
DA:104,13
DA:105,0
DA:109,13
DA:110,0
DA:112,0
DA:113,0
DA:114,0
DA:115,0
DA:116,0
DA:117,0
DA:118,0
DA:119,0
DA:120,0
DA:122,0
DA:123,0
DA:124,0
DA:125,0
DA:135,0
DA:145,13
DA:146,0
DA:148,0
DA:149,0
DA:150,0
DA:151,0
DA:152,0
DA:153,0
DA:154,0
DA:155,0
DA:157,0
DA:158,0
DA:159,0
DA:160,0
DA:170,0
DA:180,13
DA:182,0
DA:183,0
DA:188,13
DA:189,0
DA:191,0
DA:192,0
DA:193,0
DA:194,0
DA:196,0
DA:203,0
DA:206,0
DA:207,0
DA:210,0
DA:226,13
DA:227,0
DA:228,0
DA:231,13
DA:232,0
DA:233,0
DA:237,13
DA:240,0
DA:246,0
DA:253,0
DA:259,0
DA:265,0
DA:273,0
DA:279,0
DA:291,0
DA:302,0
DA:313,0
DA:324,13
DA:331,0
DA:333,0
DA:354,0
DA:363,0
DA:376,0
DA:385,0
DA:395,0
DA:405,0
DA:413,0
DA:426,0
DA:443,0
DA:452,0
DA:461,0
DA:470,0
DA:480,0
DA:488,0
DA:497,0
DA:522,0
DA:535,0
DA:547,0
DA:560,0
DA:580,0
DA:592,0
DA:600,0
LF:109
LH:28
BRDA:114,0,0,0
BRDA:114,0,1,0
BRDA:114,1,0,0
BRDA:114,1,1,0
BRDA:116,2,0,0
BRDA:116,2,1,0
BRDA:116,3,0,0
BRDA:116,3,1,0
BRDA:119,4,0,0
BRDA:119,4,1,0
BRDA:119,5,0,0
BRDA:119,5,1,0
BRDA:123,6,0,0
BRDA:123,6,1,0
BRDA:150,7,0,0
BRDA:150,7,1,0
BRDA:150,8,0,0
BRDA:150,8,1,0
BRDA:152,9,0,0
BRDA:152,9,1,0
BRDA:152,10,0,0
BRDA:152,10,1,0
BRDA:158,11,0,0
BRDA:158,11,1,0
BRDA:192,12,0,0
BRDA:192,12,1,0
BRDA:192,13,0,0
BRDA:192,13,1,0
BRDA:206,14,0,0
BRDA:206,14,1,0
BRF:30
BRH:0
end_of_record
TN:
SF:src\components\Tables\TableReviews.tsx
FN:29,(anonymous_0)
FN:30,(anonymous_1)
FN:48,(anonymous_2)
FN:55,(anonymous_3)
FN:62,(anonymous_4)
FN:87,(anonymous_5)
FN:92,(anonymous_6)
FN:102,(anonymous_7)
FN:107,(anonymous_8)
FN:112,(anonymous_9)
FN:118,(anonymous_10)
FN:124,(anonymous_11)
FN:131,(anonymous_12)
FN:142,(anonymous_13)
FN:153,(anonymous_14)
FN:181,(anonymous_15)
FN:232,(anonymous_16)
FN:239,(anonymous_17)
FN:264,(anonymous_18)
FN:276,(anonymous_19)
FN:284,(anonymous_20)
FNF:21
FNH:2
FNDA:13,(anonymous_0)
FNDA:19,(anonymous_1)
FNDA:0,(anonymous_2)
FNDA:0,(anonymous_3)
FNDA:0,(anonymous_4)
FNDA:0,(anonymous_5)
FNDA:0,(anonymous_6)
FNDA:0,(anonymous_7)
FNDA:0,(anonymous_8)
FNDA:0,(anonymous_9)
FNDA:0,(anonymous_10)
FNDA:0,(anonymous_11)
FNDA:0,(anonymous_12)
FNDA:0,(anonymous_13)
FNDA:0,(anonymous_14)
FNDA:0,(anonymous_15)
FNDA:0,(anonymous_16)
FNDA:0,(anonymous_17)
FNDA:0,(anonymous_18)
FNDA:0,(anonymous_19)
FNDA:0,(anonymous_20)
DA:29,15
DA:30,19
DA:31,13
DA:32,13
DA:35,13
DA:36,13
DA:37,13
DA:40,13
DA:44,13
DA:45,13
DA:48,13
DA:49,0
DA:50,0
DA:54,13
DA:56,0
DA:57,0
DA:62,13
DA:63,0
DA:64,0
DA:65,0
DA:69,0
DA:72,0
DA:73,0
DA:74,0
DA:77,0
DA:87,13
DA:88,0
DA:89,0
DA:92,13
DA:93,0
DA:94,0
DA:95,0
DA:99,13
DA:102,0
DA:107,0
DA:112,0
DA:118,0
DA:125,0
DA:131,0
DA:142,0
DA:153,0
DA:164,13
DA:181,0
DA:232,0
DA:240,0
DA:264,0
DA:276,0
DA:284,0
LF:48
LH:17
BRDA:73,0,0,0
BRDA:73,0,1,0
BRDA:118,1,0,0
BRDA:118,1,1,0
BRDA:224,2,0,0
BRDA:224,2,1,13
BRF:6
BRH:1
end_of_record
TN:
SF:src\components\Tables\TableStyles.ts
FN:3,(anonymous_0)
FNF:1
FNH:1
FNDA:223,(anonymous_0)
DA:3,223
DA:50,15
LF:2
LH:2
BRF:0
BRH:0
end_of_record
TN:
SF:src\components\Tables\TableUsers.tsx
FN:35,(anonymous_0)
FN:36,(anonymous_1)
FN:56,(anonymous_2)
FN:62,(anonymous_3)
FN:68,(anonymous_4)
FN:92,(anonymous_5)
FN:97,(anonymous_6)
FN:136,(anonymous_7)
FN:141,(anonymous_8)
FN:150,(anonymous_9)
FN:155,(anonymous_10)
FN:160,(anonymous_11)
FN:166,(anonymous_12)
FN:171,(anonymous_13)
FN:178,(anonymous_14)
FN:186,(anonymous_15)
FN:198,(anonymous_16)
FN:217,(anonymous_17)
FN:219,(anonymous_18)
FN:241,(anonymous_19)
FN:249,(anonymous_20)
FN:258,(anonymous_21)
FN:267,(anonymous_22)
FN:276,(anonymous_23)
FN:296,(anonymous_24)
FN:304,(anonymous_25)
FN:316,(anonymous_26)
FN:328,(anonymous_27)
FN:340,(anonymous_28)
FN:356,(anonymous_29)
FN:382,(anonymous_30)
FN:394,(anonymous_31)
FN:402,(anonymous_32)
FNF:33
FNH:21
FNDA:184,(anonymous_0)
FNDA:221,(anonymous_1)
FNDA:20,(anonymous_2)
FNDA:24,(anonymous_3)
FNDA:7,(anonymous_4)
FNDA:2,(anonymous_5)
FNDA:0,(anonymous_6)
FNDA:1,(anonymous_7)
FNDA:0,(anonymous_8)
FNDA:21,(anonymous_9)
FNDA:21,(anonymous_10)
FNDA:21,(anonymous_11)
FNDA:21,(anonymous_12)
FNDA:21,(anonymous_13)
FNDA:21,(anonymous_14)
FNDA:2,(anonymous_15)
FNDA:1,(anonymous_16)
FNDA:4,(anonymous_17)
FNDA:8,(anonymous_18)
FNDA:0,(anonymous_19)
FNDA:57,(anonymous_20)
FNDA:37,(anonymous_21)
FNDA:28,(anonymous_22)
FNDA:1,(anonymous_23)
FNDA:0,(anonymous_24)
FNDA:0,(anonymous_25)
FNDA:0,(anonymous_26)
FNDA:0,(anonymous_27)
FNDA:0,(anonymous_28)
FNDA:0,(anonymous_29)
FNDA:0,(anonymous_30)
FNDA:0,(anonymous_31)
FNDA:0,(anonymous_32)
DA:35,15
DA:36,221
DA:37,184
DA:38,184
DA:41,184
DA:44,184
DA:45,184
DA:46,184
DA:49,184
DA:52,184
DA:53,184
DA:56,184
DA:57,20
DA:61,184
DA:63,24
DA:68,184
DA:69,7
DA:71,7
DA:72,5
DA:73,3
DA:74,1
DA:76,0
DA:77,0
DA:78,0
DA:79,0
DA:82,7
DA:92,184
DA:93,2
DA:94,2
DA:97,184
DA:98,0
DA:99,0
DA:100,0
DA:101,0
DA:102,0
DA:103,0
DA:111,0
DA:114,0
DA:115,0
DA:118,0
DA:136,184
DA:137,1
DA:138,1
DA:141,184
DA:142,0
DA:143,0
DA:147,184
DA:150,21
DA:155,21
DA:160,21
DA:166,21
DA:171,21
DA:179,21
DA:186,2
DA:198,1
DA:210,184
DA:217,4
DA:219,8
DA:241,0
DA:250,57
DA:259,37
DA:268,28
DA:277,1
DA:296,0
DA:305,0
DA:317,0
DA:329,0
DA:341,0
DA:357,0
DA:382,0
DA:394,0
DA:402,0
LF:72
LH:46
BRDA:63,0,0,24
BRDA:63,0,1,4
BRDA:77,1,0,0
BRDA:77,1,1,0
BRDA:114,2,0,0
BRDA:114,2,1,0
BRDA:171,3,0,21
BRDA:171,3,1,0
BRF:8
BRH:3
end_of_record
TN:
SF:src\pages\Actors.tsx
FN:11,(anonymous_0)
FN:12,(anonymous_1)
FN:17,(anonymous_2)
FN:21,(anonymous_3)
FN:35,(anonymous_4)
FN:37,(anonymous_5)
FN:49,(anonymous_6)
FNF:7
FNH:7
FNDA:33,(anonymous_0)
FNDA:46,(anonymous_1)
FNDA:8,(anonymous_2)
FNDA:2,(anonymous_3)
FNDA:11,(anonymous_4)
FNDA:2,(anonymous_5)
FNDA:28,(anonymous_6)
DA:11,8
DA:12,46
DA:13,33
DA:14,33
DA:15,33
DA:17,33
DA:18,8
DA:21,33
DA:22,2
DA:23,1
DA:25,33
DA:35,11
DA:37,2
DA:50,28
LF:14
LH:14
BRDA:22,0,0,1
BRDA:22,0,1,1
BRDA:33,1,0,33
BRDA:33,1,1,21
BRDA:33,1,2,1
BRDA:41,2,0,16
BRDA:41,2,1,17
BRDA:44,3,0,17
BRDA:44,3,1,8
BRDA:51,4,0,28
BRDA:51,4,1,25
BRF:11
BRH:11
end_of_record
TN:
SF:src\pages\Auth.tsx
FN:33,(anonymous_0)
FN:35,(anonymous_1)
FN:47,(anonymous_2)
FN:120,(anonymous_3)
FN:135,(anonymous_4)
FN:149,(anonymous_5)
FN:162,(anonymous_6)
FN:177,(anonymous_7)
FNF:8
FNH:8
FNDA:160,(anonymous_0)
FNDA:166,(anonymous_1)
FNDA:7,(anonymous_2)
FNDA:15,(anonymous_3)
FNDA:10,(anonymous_4)
FNDA:57,(anonymous_5)
FNDA:57,(anonymous_6)
FNDA:5,(anonymous_7)
DA:33,8
DA:34,160
DA:35,166
DA:36,160
DA:37,160
DA:44,160
DA:47,160
DA:48,7
DA:49,7
DA:50,4
DA:52,4
DA:53,2
DA:54,2
DA:55,2
DA:57,2
DA:64,2
DA:65,2
DA:66,1
DA:74,2
DA:82,3
DA:84,3
DA:85,1
DA:87,1
DA:94,2
DA:105,160
DA:107,160
DA:121,15
DA:136,10
DA:150,57
DA:163,57
DA:177,5
LF:31
LH:31
BRDA:49,0,0,4
BRDA:49,0,1,3
BRDA:65,1,0,1
BRDA:65,1,1,1
BRDA:105,2,0,0
BRDA:105,2,1,160
BRDA:115,3,0,160
BRDA:115,3,1,92
BRDA:130,4,0,160
BRDA:130,4,1,92
BRDA:180,5,0,92
BRDA:180,5,1,68
BRDA:185,6,0,3
BRDA:185,6,1,157
BRF:14
BRH:13
end_of_record
TN:
SF:src\pages\Dashboard.tsx
FN:17,(anonymous_0)
FN:35,(anonymous_1)
FN:42,(anonymous_2)
FNF:3
FNH:3
FNDA:9,(anonymous_0)
FNDA:36,(anonymous_1)
FNDA:4,(anonymous_2)
DA:17,8
DA:18,9
DA:19,9
DA:20,9
DA:26,9
DA:36,36
DA:43,4
DA:44,4
LF:8
LH:8
BRDA:60,0,0,9
BRDA:60,0,1,8
BRDA:60,0,2,7
BRDA:61,1,0,9
BRDA:61,1,1,8
BRDA:61,1,2,7
BRDA:62,2,0,9
BRDA:62,2,1,8
BRDA:62,2,2,7
BRF:9
BRH:9
end_of_record
TN:
SF:src\pages\Home.tsx
FN:3,(anonymous_0)
FNF:1
FNH:1
FNDA:4,(anonymous_0)
DA:3,8
DA:4,4
LF:2
LH:2
BRF:0
BRH:0
end_of_record
TN:
SF:src\pages\IndividualActor.tsx
FN:9,(anonymous_0)
FN:10,(anonymous_1)
FN:17,(anonymous_2)
FN:18,(anonymous_3)
FN:76,(anonymous_4)
FNF:5
FNH:5
FNDA:8,(anonymous_0)
FNDA:13,(anonymous_1)
FNDA:3,(anonymous_2)
FNDA:3,(anonymous_3)
FNDA:4,(anonymous_4)
DA:9,8
DA:10,13
DA:11,8
DA:12,8
DA:13,8
DA:14,8
DA:16,8
DA:17,8
DA:18,3
DA:19,3
DA:23,8
DA:77,4
LF:12
LH:12
BRDA:16,0,0,8
BRDA:16,0,1,6
BRDA:19,1,0,0
BRDA:19,1,1,3
BRDA:27,2,0,3
BRDA:27,2,1,5
BRDA:62,3,0,5
BRDA:62,3,1,3
BRDA:67,4,0,5
BRDA:67,4,1,2
BRF:10
BRH:9
end_of_record
TN:
SF:src\pages\IndividualMovie.tsx
FN:11,(anonymous_0)
FN:12,(anonymous_1)
FN:13,(anonymous_2)
FN:21,(anonymous_3)
FN:22,(anonymous_4)
FN:27,(anonymous_5)
FN:38,(anonymous_6)
FN:94,(anonymous_7)
FN:129,(anonymous_8)
FN:138,(anonymous_9)
FN:154,(anonymous_10)
FNF:11
FNH:10
FNDA:69,(anonymous_0)
FNDA:90,(anonymous_1)
FNDA:90,(anonymous_2)
FNDA:9,(anonymous_3)
FNDA:9,(anonymous_4)
FNDA:3,(anonymous_5)
FNDA:51,(anonymous_6)
FNDA:102,(anonymous_7)
FNDA:37,(anonymous_8)
FNDA:0,(anonymous_9)
FNDA:51,(anonymous_10)
DA:11,8
DA:12,90
DA:13,90
DA:14,69
DA:15,69
DA:16,69
DA:17,69
DA:18,69
DA:19,69
DA:21,69
DA:22,9
DA:23,9
DA:27,69
DA:28,3
DA:29,2
DA:34,2
DA:35,2
DA:38,69
DA:39,51
DA:42,69
DA:95,102
DA:129,37
DA:138,0
DA:155,51
LF:24
LH:23
BRDA:23,0,0,0
BRDA:23,0,1,9
BRDA:28,1,0,1
BRDA:28,1,1,2
BRDA:35,2,0,1
BRDA:35,2,1,1
BRDA:46,3,0,11
BRDA:46,3,1,58
BRDA:78,4,0,69
BRDA:78,4,1,51
BRDA:78,4,2,69
BRDA:78,4,3,18
BRDA:85,5,0,69
BRDA:85,5,1,51
BRDA:107,6,0,69
BRDA:107,6,1,51
BRDA:107,6,2,69
BRDA:107,6,3,18
BRDA:131,7,0,69
BRDA:131,7,1,29
BRDA:131,7,2,1
BRDA:143,8,0,69
BRDA:143,8,1,14
BRDA:150,9,0,14
BRDA:150,9,1,55
BRF:25
BRH:24
end_of_record
TN:
SF:src\pages\Movies.tsx
FN:11,(anonymous_0)
FN:12,(anonymous_1)
FN:17,(anonymous_2)
FN:21,(anonymous_3)
FN:36,(anonymous_4)
FN:38,(anonymous_5)
FN:50,(anonymous_6)
FNF:7
FNH:7
FNDA:36,(anonymous_0)
FNDA:49,(anonymous_1)
FNDA:8,(anonymous_2)
FNDA:2,(anonymous_3)
FNDA:14,(anonymous_4)
FNDA:2,(anonymous_5)
FNDA:43,(anonymous_6)
DA:11,8
DA:12,49
DA:13,36
DA:14,36
DA:15,36
DA:17,36
DA:18,8
DA:21,36
DA:22,2
DA:23,1
DA:26,36
DA:36,14
DA:38,2
DA:51,43
LF:14
LH:14
BRDA:22,0,0,1
BRDA:22,0,1,1
BRDA:34,1,0,36
BRDA:34,1,1,21
BRDA:34,1,2,1
BRDA:42,2,0,20
BRDA:42,2,1,16
BRDA:45,3,0,16
BRDA:45,3,1,8
BRDA:51,4,0,43
BRDA:51,4,1,38
BRF:11
BRH:11
end_of_record
TN:
SF:src\pages\Page404.tsx
FN:5,(anonymous_0)
FN:23,(anonymous_1)
FNF:2
FNH:2
FNDA:5,(anonymous_0)
FNDA:1,(anonymous_1)
DA:5,8
DA:6,5
DA:7,5
DA:8,5
DA:23,1
LF:5
LH:5
BRF:0
BRH:0
end_of_record
